<?xml version="1.0" encoding="UTF-8"?>
<!-- Generated by org.testng.reporters.JUnitReportReporter -->
<testsuite hostname="DESKTOP-165ABPJ" name="com.plumb5.web.testcases.TC_05_Web_BrowserNotifications_CreateTemplate" tests="1" failures="0" timestamp="29 Oct 2020 12:57:25 GMT" time="100.112" errors="0">
  <testcase name="Create_Group" time="100.112" classname="com.plumb5.web.testcases.TC_05_Web_BrowserNotifications_CreateTemplate"/>
</testsuite> <!-- com.plumb5.web.testcases.TC_05_Web_BrowserNotifications_CreateTemplate -->
