<?xml version="1.0" encoding="UTF-8"?>
<!-- Generated by org.testng.reporters.JUnitReportReporter -->
<testsuite hostname="DESKTOP-165ABPJ" name="com.plumb5.sms.testcases.TC_18_SMS_ManageCampaigns_Create_Edit_ScheduledCampaigns" tests="1" failures="0" timestamp="28 Oct 2020 08:44:29 GMT" time="108.711" errors="0">
  <testcase name="Create_Group" time="108.711" classname="com.plumb5.sms.testcases.TC_18_SMS_ManageCampaigns_Create_Edit_ScheduledCampaigns"/>
</testsuite> <!-- com.plumb5.sms.testcases.TC_18_SMS_ManageCampaigns_Create_Edit_ScheduledCampaigns -->
