<?xml version="1.0" encoding="UTF-8"?>
<!-- Generated by org.testng.reporters.JUnitReportReporter -->
<testsuite hostname="DESKTOP-165ABPJ" name="com.plumb5.contacts.testcases.TC_20_Create_NewContact_OnlyEmail" tests="1" failures="0" timestamp="19 Sep 2020 08:57:47 GMT" time="40.191" errors="0">
  <testcase name="createContact" time="40.191" classname="com.plumb5.contacts.testcases.TC_20_Create_NewContact_OnlyEmail"/>
</testsuite> <!-- com.plumb5.contacts.testcases.TC_20_Create_NewContact_OnlyEmail -->
