<?xml version="1.0" encoding="UTF-8"?>
<!-- Generated by org.testng.reporters.JUnitReportReporter -->
<testsuite hostname="DESKTOP-165ABPJ" name="com.plumb5.web.testcases.TC_19_Web_FormsBanners_DeleteResources" tests="1" failures="0" timestamp="9 Nov 2020 11:50:56 GMT" time="91.935" errors="0">
  <testcase name="Create_Group" time="91.935" classname="com.plumb5.web.testcases.TC_19_Web_FormsBanners_DeleteResources"/>
</testsuite> <!-- com.plumb5.web.testcases.TC_19_Web_FormsBanners_DeleteResources -->
