<?xml version="1.0" encoding="UTF-8"?>
<!-- Generated by org.testng.reporters.JUnitReportReporter -->
<testsuite hostname="DESKTOP-165ABPJ" name="com.plumb5.mail.testcases.TC_25_Settings_Configuration_Add_Senders_Email_Update_Senders_Email" tests="1" failures="0" timestamp="4 Oct 2020 04:47:00 GMT" time="26.396" errors="0">
  <testcase name="Create_Group" time="26.396" classname="com.plumb5.mail.testcases.TC_25_Settings_Configuration_Add_Senders_Email_Update_Senders_Email"/>
</testsuite> <!-- com.plumb5.mail.testcases.TC_25_Settings_Configuration_Add_Senders_Email_Update_Senders_Email -->
