<?xml version="1.0" encoding="UTF-8"?>
<!-- Generated by org.testng.reporters.JUnitReportReporter -->
<testsuite hostname="DESKTOP-165ABPJ" name="com.plumb5.web.testcases.TC_09_Web_ManageNotifications_CreateScheduledCampaigns" tests="1" failures="0" timestamp="13 Nov 2020 04:40:38 GMT" time="55.939" errors="0">
  <testcase name="Create_Group" time="55.939" classname="com.plumb5.web.testcases.TC_09_Web_ManageNotifications_CreateScheduledCampaigns"/>
</testsuite> <!-- com.plumb5.web.testcases.TC_09_Web_ManageNotifications_CreateScheduledCampaigns -->
