<?xml version="1.0" encoding="UTF-8"?>
<!-- Generated by org.testng.reporters.JUnitReportReporter -->
<testsuite hostname="DESKTOP-165ABPJ" name="com.plumb5.sms.testcases.TC_22_SMS_Reports_TriggerCampaigns_FilterByCampaigns" tests="1" failures="0" timestamp="28 Oct 2020 08:14:10 GMT" time="0.000" errors="1">
  <testcase name="Create_Group" time="0.000" classname="com.plumb5.sms.testcases.TC_22_SMS_Reports_TriggerCampaigns_FilterByCampaigns">
    <error type="java.lang.Error" message="Unresolved compilation problems: 
	TC_22_Reports_TriggerCampaigns_FilterByCampaigns cannot be resolved or is not a field
	TC_22_Reports_TriggerCampaigns_FilterByCampaigns cannot be resolved or is not a field
	TC_22_Reports_TriggerCampaigns_FilterByCampaigns cannot be resolved or is not a field
	TC_22_Reports_TriggerCampaigns_FilterByCampaigns cannot be resolved or is not a field
	TC_22_Reports_TriggerCampaigns_FilterByCampaigns cannot be resolved or is not a field
">
      <![CDATA[java.lang.Error: Unresolved compilation problems: 
	TC_22_Reports_TriggerCampaigns_FilterByCampaigns cannot be resolved or is not a field
	TC_22_Reports_TriggerCampaigns_FilterByCampaigns cannot be resolved or is not a field
	TC_22_Reports_TriggerCampaigns_FilterByCampaigns cannot be resolved or is not a field
	TC_22_Reports_TriggerCampaigns_FilterByCampaigns cannot be resolved or is not a field
	TC_22_Reports_TriggerCampaigns_FilterByCampaigns cannot be resolved or is not a field

	at com.plumb5.sms.testcases.TC_22_SMS_Reports_TriggerCampaigns_FilterByCampaigns.Create_Group(TC_22_SMS_Reports_TriggerCampaigns_FilterByCampaigns.java:63)
	at sun.reflect.NativeMethodAccessorImpl.invoke0(Native Method)
	at sun.reflect.NativeMethodAccessorImpl.invoke(Unknown Source)
	at sun.reflect.DelegatingMethodAccessorImpl.invoke(Unknown Source)
	at java.lang.reflect.Method.invoke(Unknown Source)
	at org.testng.internal.MethodInvocationHelper.invokeMethod(MethodInvocationHelper.java:86)
	at org.testng.internal.Invoker.invokeMethod(Invoker.java:645)
	at org.testng.internal.Invoker.invokeTestMethod(Invoker.java:822)
	at org.testng.internal.Invoker.invokeTestMethods(Invoker.java:1130)
	at org.testng.internal.TestMethodWorker.invokeTestMethods(TestMethodWorker.java:129)
	at org.testng.internal.TestMethodWorker.run(TestMethodWorker.java:112)
	at org.testng.TestRunner.privateRun(TestRunner.java:782)
	at org.testng.TestRunner.run(TestRunner.java:632)
	at org.testng.SuiteRunner.runTest(SuiteRunner.java:366)
	at org.testng.SuiteRunner.runSequentially(SuiteRunner.java:361)
	at org.testng.SuiteRunner.privateRun(SuiteRunner.java:319)
	at org.testng.SuiteRunner.run(SuiteRunner.java:268)
	at org.testng.SuiteRunnerWorker.runSuite(SuiteRunnerWorker.java:52)
	at org.testng.SuiteRunnerWorker.run(SuiteRunnerWorker.java:86)
	at org.testng.TestNG.runSuitesSequentially(TestNG.java:1244)
	at org.testng.TestNG.runSuitesLocally(TestNG.java:1169)
	at org.testng.TestNG.run(TestNG.java:1064)
	at org.testng.remote.RemoteTestNG.run(RemoteTestNG.java:113)
	at org.testng.remote.RemoteTestNG.initAndRun(RemoteTestNG.java:206)
	at org.testng.remote.RemoteTestNG.main(RemoteTestNG.java:177)
]]>
    </error>
  </testcase> <!-- Create_Group -->
</testsuite> <!-- com.plumb5.sms.testcases.TC_22_SMS_Reports_TriggerCampaigns_FilterByCampaigns -->
