<?xml version="1.0" encoding="UTF-8"?>
<!-- Generated by org.testng.reporters.JUnitReportReporter -->
<testsuite hostname="DESKTOP-165ABPJ" name="com.plumb5.myprofile.testcases.TC_06_Profile_CreateGroupsVerification" tests="1" failures="0" timestamp="19 Nov 2020 06:03:19 GMT" time="30.926" errors="0">
  <testcase name="Create_Group" time="30.926" classname="com.plumb5.myprofile.testcases.TC_06_Profile_CreateGroupsVerification"/>
</testsuite> <!-- com.plumb5.myprofile.testcases.TC_06_Profile_CreateGroupsVerification -->
