<?xml version="1.0" encoding="UTF-8"?>
<!-- Generated by org.testng.reporters.JUnitReportReporter -->
<testsuite hostname="DESKTOP-165ABPJ" name="com.plumb5.mobile.testcases.TC_03_Mobile_Search_Template" tests="1" failures="0" timestamp="11 Dec 2020 13:44:21 GMT" time="14.443" errors="0">
  <testcase name="Create_Group" time="14.443" classname="com.plumb5.mobile.testcases.TC_03_Mobile_Search_Template"/>
</testsuite> <!-- com.plumb5.mobile.testcases.TC_03_Mobile_Search_Template -->
