<?xml version="1.0" encoding="UTF-8"?>
<!-- Generated by org.testng.reporters.JUnitReportReporter -->
<testsuite hostname="DESKTOP-165ABPJ" name="com.plumb5.mobile.testcases.TC_02_Mobile_Create_Template" tests="1" failures="0" timestamp="12 Dec 2020 08:37:52 GMT" time="23.739" errors="0">
  <testcase name="Create_Group" time="23.739" classname="com.plumb5.mobile.testcases.TC_02_Mobile_Create_Template"/>
</testsuite> <!-- com.plumb5.mobile.testcases.TC_02_Mobile_Create_Template -->
