<?xml version="1.0" encoding="UTF-8"?>
<!-- Generated by org.testng.reporters.JUnitReportReporter -->
<testsuite hostname="DESKTOP-165ABPJ" name="com.plumb5.contacts.testcases.TC_24_Old_Email_PhoneNumber_Update_New_Phone_Number" tests="1" failures="0" timestamp="22 Sep 2020 06:27:44 GMT" time="36.621" errors="0">
  <testcase name="createContact" time="36.621" classname="com.plumb5.contacts.testcases.TC_24_Old_Email_PhoneNumber_Update_New_Phone_Number"/>
</testsuite> <!-- com.plumb5.contacts.testcases.TC_24_Old_Email_PhoneNumber_Update_New_Phone_Number -->
