<?xml version="1.0" encoding="UTF-8"?>
<!-- Generated by org.testng.reporters.JUnitReportReporter -->
<testsuite hostname="DESKTOP-165ABPJ" name="com.plumb5.mail.testcases.TC_23_Create_Scheduled_Campaign_AB_Testing" tests="1" failures="0" timestamp="17 Oct 2020 13:22:32 GMT" time="214.234" errors="0">
  <testcase name="Create_Group" time="214.234" classname="com.plumb5.mail.testcases.TC_23_Create_Scheduled_Campaign_AB_Testing"/>
</testsuite> <!-- com.plumb5.mail.testcases.TC_23_Create_Scheduled_Campaign_AB_Testing -->
