<?xml version="1.0" encoding="UTF-8"?>
<!-- Generated by org.testng.reporters.JUnitReportReporter -->
<testsuite hostname="DESKTOP-165ABPJ" name="com.plumb5.mail.testcases.TC_29_Settings_Configuration_Custom_Unsubscribe" tests="1" failures="0" timestamp="4 Oct 2020 08:16:11 GMT" time="66.677" errors="0">
  <testcase name="Create_Group" time="66.677" classname="com.plumb5.mail.testcases.TC_29_Settings_Configuration_Custom_Unsubscribe"/>
</testsuite> <!-- com.plumb5.mail.testcases.TC_29_Settings_Configuration_Custom_Unsubscribe -->
