<?xml version="1.0" encoding="UTF-8"?>
<!-- Generated by org.testng.reporters.JUnitReportReporter -->
<testsuite hostname="DESKTOP-165ABPJ" name="com.plumb5.sms.testcases.TC_15_SMS_ManageCampaigns_DuplicateTemplate" tests="1" failures="0" timestamp="28 Oct 2020 06:59:10 GMT" time="160.384" errors="0">
  <testcase name="Create_Group" time="160.384" classname="com.plumb5.sms.testcases.TC_15_SMS_ManageCampaigns_DuplicateTemplate"/>
</testsuite> <!-- com.plumb5.sms.testcases.TC_15_SMS_ManageCampaigns_DuplicateTemplate -->
