<?xml version="1.0" encoding="UTF-8"?>
<!-- Generated by org.testng.reporters.JUnitReportReporter -->
<testsuite hostname="DESKTOP-165ABPJ" name="com.plumb5.sms.testcases.TC_07_SMS_ManageCampaigns_CreateDraft" tests="1" failures="0" timestamp="28 Oct 2020 08:32:10 GMT" time="12.625" errors="0">
  <testcase name="Create_Group" time="12.625" classname="com.plumb5.sms.testcases.TC_07_SMS_ManageCampaigns_CreateDraft"/>
</testsuite> <!-- com.plumb5.sms.testcases.TC_07_SMS_ManageCampaigns_CreateDraft -->
