<?xml version="1.0" encoding="UTF-8"?>
<!-- Generated by org.testng.reporters.JUnitReportReporter -->
<testsuite hostname="DESKTOP-165ABPJ" name="com.plumb5.myprofile.testcases.TC_03_Profile_Update_APIKey" tests="1" failures="0" timestamp="30 Nov 2020 05:07:49 GMT" time="9.614" errors="0">
  <testcase name="Create_Group" time="9.614" classname="com.plumb5.myprofile.testcases.TC_03_Profile_Update_APIKey"/>
</testsuite> <!-- com.plumb5.myprofile.testcases.TC_03_Profile_Update_APIKey -->
