<?xml version="1.0" encoding="UTF-8"?>
<!-- Generated by org.testng.reporters.JUnitReportReporter -->
<testsuite hostname="DESKTOP-165ABPJ" name="com.plumb5.mail.testcases.TC_33_Reports_Filter_By_Campaigns" tests="1" failures="0" timestamp="5 Oct 2020 10:58:57 GMT" time="16.200" errors="0">
  <testcase name="Create_Group" time="16.200" classname="com.plumb5.mail.testcases.TC_33_Reports_Filter_By_Campaigns"/>
</testsuite> <!-- com.plumb5.mail.testcases.TC_33_Reports_Filter_By_Campaigns -->
