<?xml version="1.0" encoding="UTF-8"?>
<!-- Generated by org.testng.reporters.JUnitReportReporter -->
<testsuite hostname="DESKTOP-165ABPJ" name="com.plumb5.testcases.TC_04_Unsubscribe_Contact" tests="1" failures="0" timestamp="15 Aug 2020 10:07:27 GMT" time="10.474" errors="0">
  <testcase name="createContact" time="10.474" classname="com.plumb5.testcases.TC_04_Unsubscribe_Contact"/>
</testsuite> <!-- com.plumb5.testcases.TC_04_Unsubscribe_Contact -->
