<?xml version="1.0" encoding="UTF-8"?>
<!-- Generated by org.testng.reporters.JUnitReportReporter -->
<testsuite hostname="DESKTOP-165ABPJ" name="com.plumb5.mail.testcases.TC_24_Settings_Configuration" tests="1" failures="0" timestamp="1 Oct 2020 09:15:26 GMT" time="44.738" errors="0">
  <testcase name="Create_Group" time="44.738" classname="com.plumb5.mail.testcases.TC_24_Settings_Configuration"/>
</testsuite> <!-- com.plumb5.mail.testcases.TC_24_Settings_Configuration -->
