<?xml version="1.0" encoding="UTF-8"?>
<!-- Generated by org.testng.reporters.JUnitReportReporter -->
<testsuite hostname="DESKTOP-165ABPJ" name="com.plumb5.web.testcases.TC_13_Web_FormsBanners_FormSettings" tests="1" failures="0" timestamp="13 Nov 2020 06:16:19 GMT" time="152.399" errors="0">
  <testcase name="Create_Group" time="152.399" classname="com.plumb5.web.testcases.TC_13_Web_FormsBanners_FormSettings"/>
</testsuite> <!-- com.plumb5.web.testcases.TC_13_Web_FormsBanners_FormSettings -->
