<?xml version="1.0" encoding="UTF-8"?>
<!-- Generated by org.testng.reporters.JUnitReportReporter -->
<testsuite hostname="DESKTOP-165ABPJ" name="com.plumb5.mail.testcases.TC_17_Create_Templates" tests="1" failures="0" timestamp="16 Oct 2020 13:33:35 GMT" time="51.684" errors="0">
  <testcase name="Create_Group" time="51.684" classname="com.plumb5.mail.testcases.TC_17_Create_Templates"/>
</testsuite> <!-- com.plumb5.mail.testcases.TC_17_Create_Templates -->
