<?xml version="1.0" encoding="UTF-8"?>
<!-- Generated by org.testng.reporters.JUnitReportReporter -->
<testsuite hostname="DESKTOP-165ABPJ" name="com.plumb5.mail.testcases.TC_34_Reports_TriggerCampaigns_FilterByCampaigns" tests="1" failures="0" timestamp="13 Oct 2020 08:48:43 GMT" time="16.806" errors="0">
  <testcase name="Create_Group" time="16.806" classname="com.plumb5.mail.testcases.TC_34_Reports_TriggerCampaigns_FilterByCampaigns"/>
</testsuite> <!-- com.plumb5.mail.testcases.TC_34_Reports_TriggerCampaigns_FilterByCampaigns -->
