<?xml version="1.0" encoding="UTF-8"?>
<!-- Generated by org.testng.reporters.JUnitReportReporter -->
<testsuite hostname="DESKTOP-165ABPJ" name="com.plumb5.mail.testcases.TC_19_Spam_Score_Template" tests="1" failures="0" timestamp="17 Oct 2020 13:16:01 GMT" time="56.087" errors="0">
  <testcase name="Create_Group" time="56.087" classname="com.plumb5.mail.testcases.TC_19_Spam_Score_Template"/>
</testsuite> <!-- com.plumb5.mail.testcases.TC_19_Spam_Score_Template -->
