<?xml version="1.0" encoding="UTF-8"?>
<!-- Generated by org.testng.reporters.JUnitReportReporter -->
<testsuite hostname="DESKTOP-165ABPJ" name="com.plumb5.contacts.testcases.TC_08_Exclusive_Contact_List" tests="1" failures="0" timestamp="4 Sep 2020 06:36:23 GMT" time="44.017" errors="0">
  <testcase name="Create_Group" time="44.017" classname="com.plumb5.contacts.testcases.TC_08_Exclusive_Contact_List"/>
</testsuite> <!-- com.plumb5.contacts.testcases.TC_08_Exclusive_Contact_List -->
