<?xml version="1.0" encoding="UTF-8"?>
<!-- Generated by org.testng.reporters.JUnitReportReporter -->
<testsuite hostname="DESKTOP-165ABPJ" name="Automation.Plumb5.TC_01" tests="1" failures="0" timestamp="11 Aug 2020 08:57:54 GMT" time="7.847" errors="0">
  <testcase name="createContact" time="7.847" classname="Automation.Plumb5.TC_01"/>
</testsuite> <!-- Automation.Plumb5.TC_01 -->
