<?xml version="1.0" encoding="UTF-8"?>
<!-- Generated by org.testng.reporters.JUnitReportReporter -->
<testsuite hostname="DESKTOP-165ABPJ" name="com.plumb5.mail.testcases.TC_36_Reports_Hard_Bounced_FilterByReason" tests="1" failures="0" timestamp="6 Oct 2020 09:13:05 GMT" time="109.611" errors="0">
  <testcase name="Create_Group" time="109.611" classname="com.plumb5.mail.testcases.TC_36_Reports_Hard_Bounced_FilterByReason"/>
</testsuite> <!-- com.plumb5.mail.testcases.TC_36_Reports_Hard_Bounced_FilterByReason -->
