<?xml version="1.0" encoding="UTF-8"?>
<!-- Generated by org.testng.reporters.JUnitReportReporter -->
<testsuite hostname="DESKTOP-165ABPJ" name="com.plumb5.sms.testcases.TC_22_Reports_TriggerCampaigns_FilterByCampaigns" tests="1" failures="0" timestamp="20 Oct 2020 06:44:25 GMT" time="14.249" errors="0">
  <testcase name="Create_Group" time="14.249" classname="com.plumb5.sms.testcases.TC_22_Reports_TriggerCampaigns_FilterByCampaigns"/>
</testsuite> <!-- com.plumb5.sms.testcases.TC_22_Reports_TriggerCampaigns_FilterByCampaigns -->
