<?xml version="1.0" encoding="UTF-8"?>
<!-- Generated by org.testng.reporters.JUnitReportReporter -->
<testsuite hostname="DESKTOP-165ABPJ" name="com.plumb5.web.testcases.TC_14_Web_FormsBanners_FormPreview" tests="1" failures="0" timestamp="6 Nov 2020 09:08:42 GMT" time="161.670" errors="0">
  <testcase name="Create_Group" time="161.670" classname="com.plumb5.web.testcases.TC_14_Web_FormsBanners_FormPreview"/>
</testsuite> <!-- com.plumb5.web.testcases.TC_14_Web_FormsBanners_FormPreview -->
