<?xml version="1.0" encoding="UTF-8"?>
<!-- Generated by org.testng.reporters.JUnitReportReporter -->
<testsuite hostname="DESKTOP-165ABPJ" name="com.plumb5.contacts.testcases.TC_02_Add_Remove_Group" tests="1" failures="0" timestamp="9 Sep 2020 07:24:14 GMT" time="94.513" errors="0">
  <testcase name="add_Remove_Group" time="94.513" classname="com.plumb5.contacts.testcases.TC_02_Add_Remove_Group"/>
</testsuite> <!-- com.plumb5.contacts.testcases.TC_02_Add_Remove_Group -->
