<?xml version="1.0" encoding="UTF-8"?>
<!-- Generated by org.testng.reporters.JUnitReportReporter -->
<testsuite hostname="DESKTOP-165ABPJ" name="com.plumb5.sms.testcases.TC_03_SMS_Dashboard_WebEngagement" tests="1" failures="0" timestamp="9 Oct 2020 12:35:06 GMT" time="9.595" errors="0">
  <testcase name="Create_Group" time="9.595" classname="com.plumb5.sms.testcases.TC_03_SMS_Dashboard_WebEngagement"/>
</testsuite> <!-- com.plumb5.sms.testcases.TC_03_SMS_Dashboard_WebEngagement -->
