<?xml version="1.0" encoding="UTF-8"?>
<!-- Generated by org.testng.reporters.JUnitReportReporter -->
<testsuite hostname="DESKTOP-165ABPJ" name="com.plumb5.contacts.testcases.TC_06_Search_Contact" tests="1" failures="0" timestamp="9 Sep 2020 08:27:01 GMT" time="16.919" errors="0">
  <testcase name="search_Contact" time="16.919" classname="com.plumb5.contacts.testcases.TC_06_Search_Contact"/>
</testsuite> <!-- com.plumb5.contacts.testcases.TC_06_Search_Contact -->
