<?xml version="1.0" encoding="UTF-8"?>
<!-- Generated by org.testng.reporters.JUnitReportReporter -->
<testsuite hostname="DESKTOP-165ABPJ" name="com.plumb5.testcases.TC01_Test" tests="1" failures="0" timestamp="12 Aug 2020 11:35:27 GMT" time="0.016" errors="0">
  <testcase name="test" time="0.016" classname="com.plumb5.testcases.TC01_Test"/>
</testsuite> <!-- com.plumb5.testcases.TC01_Test -->
