<?xml version="1.0" encoding="UTF-8"?>
<!-- Generated by org.testng.reporters.JUnitReportReporter -->
<testsuite hostname="DESKTOP-165ABPJ" name="com.plumb5.contacts.testcases.TC_04_Unsubscribe_Contact" tests="1" failures="0" timestamp="9 Sep 2020 07:30:28 GMT" time="52.771" errors="0">
  <testcase name="unsubscribe_Contact" time="52.771" classname="com.plumb5.contacts.testcases.TC_04_Unsubscribe_Contact"/>
</testsuite> <!-- com.plumb5.contacts.testcases.TC_04_Unsubscribe_Contact -->
