<?xml version="1.0" encoding="UTF-8"?>
<!-- Generated by org.testng.reporters.JUnitReportReporter -->
<testsuite hostname="DESKTOP-165ABPJ" name="com.plumb5.mail.testcases.TC_24_Settings_Configuration_Add_Senders_Email_Delete_Senders_Email" tests="1" failures="0" timestamp="13 Oct 2020 06:59:58 GMT" time="25.790" errors="0">
  <testcase name="Create_Group" time="25.790" classname="com.plumb5.mail.testcases.TC_24_Settings_Configuration_Add_Senders_Email_Delete_Senders_Email"/>
</testsuite> <!-- com.plumb5.mail.testcases.TC_24_Settings_Configuration_Add_Senders_Email_Delete_Senders_Email -->
