<?xml version="1.0" encoding="UTF-8"?>
<!-- Generated by org.testng.reporters.JUnitReportReporter -->
<testsuite hostname="DESKTOP-165ABPJ" name="com.plumb5.mail.testcases.TC_17_Create_Templates" tests="1" failures="0" timestamp="7 Oct 2020 11:26:46 GMT" time="57.009" errors="0">
  <testcase name="Create_Group" time="57.009" classname="com.plumb5.mail.testcases.TC_17_Create_Templates"/>
</testsuite> <!-- com.plumb5.mail.testcases.TC_17_Create_Templates -->
