<?xml version="1.0" encoding="UTF-8"?>
<!-- Generated by org.testng.reporters.JUnitReportReporter -->
<testsuite hostname="DESKTOP-165ABPJ" name="com.plumb5.sms.testcases.TC_31_Create_Edit_Triggers_Campaigns" tests="1" failures="0" timestamp="28 Oct 2020 08:47:47 GMT" time="63.211" errors="0">
  <testcase name="Create_Group" time="63.211" classname="com.plumb5.sms.testcases.TC_31_Create_Edit_Triggers_Campaigns"/>
</testsuite> <!-- com.plumb5.sms.testcases.TC_31_Create_Edit_Triggers_Campaigns -->
