<?xml version="1.0" encoding="UTF-8"?>
<!-- Generated by org.testng.reporters.JUnitReportReporter -->
<testsuite hostname="DESKTOP-165ABPJ" name="com.plumb5.contacts.testcases.TC_08_Edit_Group" tests="1" failures="0" timestamp="3 Sep 2020 14:32:08 GMT" time="27.094" errors="0">
  <testcase name="Create_Group" time="27.094" classname="com.plumb5.contacts.testcases.TC_08_Edit_Group"/>
</testsuite> <!-- com.plumb5.contacts.testcases.TC_08_Edit_Group -->
