<?xml version="1.0" encoding="UTF-8"?>
<!-- Generated by org.testng.reporters.JUnitReportReporter -->
<testsuite hostname="DESKTOP-165ABPJ" name="com.plumb5.mail.testcases.TC_35_Reports_A_B_Testing_FilterByCampaigns" tests="1" failures="0" timestamp="13 Oct 2020 08:49:46 GMT" time="18.189" errors="0">
  <testcase name="Create_Group" time="18.189" classname="com.plumb5.mail.testcases.TC_35_Reports_A_B_Testing_FilterByCampaigns"/>
</testsuite> <!-- com.plumb5.mail.testcases.TC_35_Reports_A_B_Testing_FilterByCampaigns -->
