<?xml version="1.0" encoding="UTF-8"?>
<!-- Generated by org.testng.reporters.JUnitReportReporter -->
<testsuite hostname="DESKTOP-165ABPJ" name="com.plumb5.web.testcases.TC_08_Web_BrowserNotifications_Duplicate_Template" tests="1" failures="0" timestamp="2 Nov 2020 08:25:37 GMT" time="182.170" errors="0">
  <testcase name="Create_Group" time="182.170" classname="com.plumb5.web.testcases.TC_08_Web_BrowserNotifications_Duplicate_Template"/>
</testsuite> <!-- com.plumb5.web.testcases.TC_08_Web_BrowserNotifications_Duplicate_Template -->
