<?xml version="1.0" encoding="UTF-8"?>
<!-- Generated by org.testng.reporters.JUnitReportReporter -->
<testsuite hostname="DESKTOP-165ABPJ" name="com.plumb5.contacts.testcases.TC_11_Verify_Custom_Field_Present" tests="1" failures="0" timestamp="9 Sep 2020 09:32:59 GMT" time="11.931" errors="0">
  <testcase name="createContact" time="11.931" classname="com.plumb5.contacts.testcases.TC_11_Verify_Custom_Field_Present"/>
</testsuite> <!-- com.plumb5.contacts.testcases.TC_11_Verify_Custom_Field_Present -->
