<?xml version="1.0" encoding="UTF-8"?>
<!-- Generated by org.testng.reporters.JUnitReportReporter -->
<testsuite hostname="DESKTOP-165ABPJ" name="com.plumb5.mail.testcases.TC_18_Duplicate_Template" tests="1" failures="0" timestamp="24 Sep 2020 15:56:24 GMT" time="27.785" errors="0">
  <testcase name="Create_Group" time="27.785" classname="com.plumb5.mail.testcases.TC_18_Duplicate_Template"/>
</testsuite> <!-- com.plumb5.mail.testcases.TC_18_Duplicate_Template -->
