<?xml version="1.0" encoding="UTF-8"?>
<!-- Generated by org.testng.reporters.JUnitReportReporter -->
<testsuite hostname="DESKTOP-165ABPJ" name="com.plumb5.sms.testcases.TC_10_SMS_ManageCampaigns_DeleteDraft" tests="1" failures="0" timestamp="28 Oct 2020 06:40:08 GMT" time="33.485" errors="0">
  <testcase name="Create_Group" time="33.485" classname="com.plumb5.sms.testcases.TC_10_SMS_ManageCampaigns_DeleteDraft"/>
</testsuite> <!-- com.plumb5.sms.testcases.TC_10_SMS_ManageCampaigns_DeleteDraft -->
