<?xml version="1.0" encoding="UTF-8"?>
<!-- Generated by org.testng.reporters.JUnitReportReporter -->
<testsuite hostname="DESKTOP-165ABPJ" name="com.plumb5.sms.testcases.TC_05_SMS_Dashboard_Sms" tests="1" failures="0" timestamp="9 Oct 2020 12:55:21 GMT" time="58.103" errors="0">
  <testcase name="Create_Group" time="58.103" classname="com.plumb5.sms.testcases.TC_05_SMS_Dashboard_Sms"/>
</testsuite> <!-- com.plumb5.sms.testcases.TC_05_SMS_Dashboard_Sms -->
