<?xml version="1.0" encoding="UTF-8"?>
<!-- Generated by org.testng.reporters.JUnitReportReporter -->
<testsuite hostname="DESKTOP-165ABPJ" name="com.plumb5.mail.testcases.TC_08_Delete_Scheduled_Campaign" tests="1" failures="0" timestamp="15 Oct 2020 12:22:24 GMT" time="179.963" errors="0">
  <testcase name="Create_Group" time="179.963" classname="com.plumb5.mail.testcases.TC_08_Delete_Scheduled_Campaign"/>
</testsuite> <!-- com.plumb5.mail.testcases.TC_08_Delete_Scheduled_Campaign -->
