<?xml version="1.0" encoding="UTF-8"?>
<!-- Generated by org.testng.reporters.JUnitReportReporter -->
<testsuite hostname="DESKTOP-165ABPJ" name="com.plumb5.mail.testcases.TC_12_Search_Triggers_Campaign" tests="1" failures="0" timestamp="14 Sep 2020 11:36:13 GMT" time="50.938" errors="0">
  <testcase name="Create_Group" time="50.938" classname="com.plumb5.mail.testcases.TC_12_Search_Triggers_Campaign"/>
</testsuite> <!-- com.plumb5.mail.testcases.TC_12_Search_Triggers_Campaign -->
