<?xml version="1.0" encoding="UTF-8"?>
<!-- Generated by org.testng.reporters.JUnitReportReporter -->
<testsuite hostname="DESKTOP-165ABPJ" name="com.plumb5.testcases.TC_05_Contacts_ExportReport" tests="1" failures="0" timestamp="15 Aug 2020 12:07:52 GMT" time="11.589" errors="0">
  <testcase name="createContact" time="11.589" classname="com.plumb5.testcases.TC_05_Contacts_ExportReport"/>
</testsuite> <!-- com.plumb5.testcases.TC_05_Contacts_ExportReport -->
