<?xml version="1.0" encoding="UTF-8"?>
<!-- Generated by org.testng.reporters.JUnitReportReporter -->
<testsuite hostname="DESKTOP-165ABPJ" name="com.plumb5.myprofile.testcases.TC_13_Profile_IP_Restriction" tests="1" failures="0" timestamp="30 Nov 2020 05:19:26 GMT" time="14.579" errors="0">
  <testcase name="Create_Group" time="14.579" classname="com.plumb5.myprofile.testcases.TC_13_Profile_IP_Restriction"/>
</testsuite> <!-- com.plumb5.myprofile.testcases.TC_13_Profile_IP_Restriction -->
