<?xml version="1.0" encoding="UTF-8"?>
<!-- Generated by org.testng.reporters.JUnitReportReporter -->
<testsuite hostname="DESKTOP-165ABPJ" name="com.plumb5.mobile.testcases.TC_04_Mobile_Edit_Template" tests="1" failures="0" timestamp="15 Dec 2020 11:38:32 GMT" time="25.144" errors="0">
  <testcase name="Create_Group" time="25.144" classname="com.plumb5.mobile.testcases.TC_04_Mobile_Edit_Template"/>
</testsuite> <!-- com.plumb5.mobile.testcases.TC_04_Mobile_Edit_Template -->
