<?xml version="1.0" encoding="UTF-8"?>
<!-- Generated by org.testng.reporters.JUnitReportReporter -->
<testsuite hostname="DESKTOP-165ABPJ" name="com.plumb5.contacts.testcases.TC_17_Groups_Export" tests="1" failures="0" timestamp="9 Sep 2020 10:55:13 GMT" time="46.386" errors="0">
  <testcase name="contacts_ExportReport" time="46.386" classname="com.plumb5.contacts.testcases.TC_17_Groups_Export"/>
</testsuite> <!-- com.plumb5.contacts.testcases.TC_17_Groups_Export -->
