<?xml version="1.0" encoding="UTF-8"?>
<!-- Generated by org.testng.reporters.JUnitReportReporter -->
<testsuite hostname="DESKTOP-165ABPJ" name="com.plumb5.myprofile.testcases.TC_13_Profile_IP_Restriction" tests="1" failures="0" timestamp="20 Nov 2020 07:08:12 GMT" time="14.224" errors="0">
  <testcase name="Create_Group" time="14.224" classname="com.plumb5.myprofile.testcases.TC_13_Profile_IP_Restriction"/>
</testsuite> <!-- com.plumb5.myprofile.testcases.TC_13_Profile_IP_Restriction -->
