<?xml version="1.0" encoding="UTF-8"?>
<!-- Generated by org.testng.reporters.JUnitReportReporter -->
<testsuite hostname="DESKTOP-165ABPJ" name="com.plumb5.contacts.testcases.TC_23_New_PhoneNumber_Existing_EmailId" tests="1" failures="0" timestamp="19 Sep 2020 09:30:14 GMT" time="41.445" errors="0">
  <testcase name="createContact" time="41.445" classname="com.plumb5.contacts.testcases.TC_23_New_PhoneNumber_Existing_EmailId"/>
</testsuite> <!-- com.plumb5.contacts.testcases.TC_23_New_PhoneNumber_Existing_EmailId -->
