<?xml version="1.0" encoding="UTF-8"?>
<!-- Generated by org.testng.reporters.JUnitReportReporter -->
<testsuite hostname="DESKTOP-165ABPJ" name="Automation.Plumb5.Test_01" tests="1" failures="0" timestamp="11 Aug 2020 08:02:13 GMT" time="0.009" errors="0">
  <testcase name="test" time="0.009" classname="Automation.Plumb5.Test_01"/>
</testsuite> <!-- Automation.Plumb5.Test_01 -->
