<?xml version="1.0" encoding="UTF-8"?>
<!-- Generated by org.testng.reporters.JUnitReportReporter -->
<testsuite hostname="DESKTOP-165ABPJ" name="com.plumb5.myprofile.testcases.TC_10_Profile_Search_Users" tests="1" failures="0" timestamp="19 Nov 2020 09:37:48 GMT" time="17.702" errors="0">
  <testcase name="Create_Group" time="17.702" classname="com.plumb5.myprofile.testcases.TC_10_Profile_Search_Users"/>
</testsuite> <!-- com.plumb5.myprofile.testcases.TC_10_Profile_Search_Users -->
