<?xml version="1.0" encoding="UTF-8"?>
<!-- Generated by org.testng.reporters.JUnitReportReporter -->
<testsuite hostname="DESKTOP-165ABPJ" name="com.plumb5.mail.testcases.TC_21_Download_Template" tests="1" failures="0" timestamp="16 Oct 2020 08:10:19 GMT" time="18.049" errors="0">
  <testcase name="Create_Group" time="18.049" classname="com.plumb5.mail.testcases.TC_21_Download_Template"/>
</testsuite> <!-- com.plumb5.mail.testcases.TC_21_Download_Template -->
