<?xml version="1.0" encoding="UTF-8"?>
<!-- Generated by org.testng.reporters.JUnitReportReporter -->
<testsuite hostname="DESKTOP-165ABPJ" name="com.plumb5.myprofile.testcases.TC_02_Profile_UpdatePassword" tests="1" failures="0" timestamp="17 Nov 2020 09:48:50 GMT" time="9.878" errors="0">
  <testcase name="Create_Group" time="9.878" classname="com.plumb5.myprofile.testcases.TC_02_Profile_UpdatePassword"/>
</testsuite> <!-- com.plumb5.myprofile.testcases.TC_02_Profile_UpdatePassword -->
