<?xml version="1.0" encoding="UTF-8"?>
<!-- Generated by org.testng.reporters.JUnitReportReporter -->
<testsuite hostname="DESKTOP-165ABPJ" name="com.plumb5.contacts.testcases.TC_15_Edit_Group" tests="1" failures="0" timestamp="9 Sep 2020 10:41:24 GMT" time="26.525" errors="0">
  <testcase name="Create_Group" time="26.525" classname="com.plumb5.contacts.testcases.TC_15_Edit_Group"/>
</testsuite> <!-- com.plumb5.contacts.testcases.TC_15_Edit_Group -->
