<?xml version="1.0" encoding="UTF-8"?>
<!-- Generated by org.testng.reporters.JUnitReportReporter -->
<testsuite hostname="DESKTOP-165ABPJ" name="com.plumb5.sms.testcases.TC_30_Create_Triggers" tests="1" failures="0" timestamp="26 Oct 2020 08:49:07 GMT" time="41.512" errors="0">
  <testcase name="Create_Group" time="41.512" classname="com.plumb5.sms.testcases.TC_30_Create_Triggers"/>
</testsuite> <!-- com.plumb5.sms.testcases.TC_30_Create_Triggers -->
