<?xml version="1.0" encoding="UTF-8"?>
<!-- Generated by org.testng.reporters.JUnitReportReporter -->
<testsuite hostname="DESKTOP-165ABPJ" name="com.plumb5.sms.testcases.TC_24_SMS_Reports_Alerts_Notifications_Download" tests="1" failures="0" timestamp="28 Oct 2020 08:21:10 GMT" time="106.368" errors="0">
  <testcase name="Create_Group" time="106.368" classname="com.plumb5.sms.testcases.TC_24_SMS_Reports_Alerts_Notifications_Download"/>
</testsuite> <!-- com.plumb5.sms.testcases.TC_24_SMS_Reports_Alerts_Notifications_Download -->
