<?xml version="1.0" encoding="UTF-8"?>
<!-- Generated by org.testng.reporters.JUnitReportReporter -->
<testsuite hostname="DESKTOP-165ABPJ" name="com.plumb5.mail.testcases.TC_05_Delete_Draft_Campaign" tests="1" failures="0" timestamp="8 Sep 2020 04:47:39 GMT" time="64.545" errors="0">
  <testcase name="Create_Group" time="64.545" classname="com.plumb5.mail.testcases.TC_05_Delete_Draft_Campaign"/>
</testsuite> <!-- com.plumb5.mail.testcases.TC_05_Delete_Draft_Campaign -->
