<?xml version="1.0" encoding="UTF-8"?>
<!-- Generated by org.testng.reporters.JUnitReportReporter -->
<testsuite hostname="DESKTOP-165ABPJ" name="com.plumb5.myprofile.testcases.TC_16_Profile_Channel_Credits" tests="1" failures="0" timestamp="24 Nov 2020 14:19:34 GMT" time="12.259" errors="0">
  <testcase name="Create_Group" time="12.259" classname="com.plumb5.myprofile.testcases.TC_16_Profile_Channel_Credits"/>
</testsuite> <!-- com.plumb5.myprofile.testcases.TC_16_Profile_Channel_Credits -->
