<?xml version="1.0" encoding="UTF-8"?>
<!-- Generated by org.testng.reporters.JUnitReportReporter -->
<testsuite hostname="DESKTOP-165ABPJ" name="com.plumb5.web.testcases.TC_18_Web_FormsBanners_ResourcesChangeStatus" tests="1" failures="0" timestamp="9 Nov 2020 11:43:00 GMT" time="87.126" errors="0">
  <testcase name="Create_Group" time="87.126" classname="com.plumb5.web.testcases.TC_18_Web_FormsBanners_ResourcesChangeStatus"/>
</testsuite> <!-- com.plumb5.web.testcases.TC_18_Web_FormsBanners_ResourcesChangeStatus -->
