<?xml version="1.0" encoding="UTF-8"?>
<!-- Generated by org.testng.reporters.JUnitReportReporter -->
<testsuite hostname="DESKTOP-165ABPJ" name="com.plumb5.mail.testcases.TC_13_Edit_Triggers_Campaign" tests="1" failures="0" timestamp="16 Oct 2020 10:10:54 GMT" time="56.425" errors="0">
  <testcase name="Create_Group" time="56.425" classname="com.plumb5.mail.testcases.TC_13_Edit_Triggers_Campaign"/>
</testsuite> <!-- com.plumb5.mail.testcases.TC_13_Edit_Triggers_Campaign -->
