<?xml version="1.0" encoding="UTF-8"?>
<!-- Generated by org.testng.reporters.JUnitReportReporter -->
<testsuite hostname="DESKTOP-165ABPJ" name="com.plumb5.mail.testcases.TC_32_Settings_Email_Verification_Settings_Update_Provider_Name" tests="1" failures="0" timestamp="13 Oct 2020 10:22:56 GMT" time="116.641" errors="0">
  <testcase name="Create_Group" time="116.641" classname="com.plumb5.mail.testcases.TC_32_Settings_Email_Verification_Settings_Update_Provider_Name"/>
</testsuite> <!-- com.plumb5.mail.testcases.TC_32_Settings_Email_Verification_Settings_Update_Provider_Name -->
