<?xml version="1.0" encoding="UTF-8"?>
<!-- Generated by org.testng.reporters.JUnitReportReporter -->
<testsuite hostname="DESKTOP-165ABPJ" name="com.plumb5.mail.testcases.TC_08_Delete_Scheduled_Campaign" tests="1" failures="0" timestamp="12 Sep 2020 06:59:00 GMT" time="83.944" errors="0">
  <testcase name="Create_Group" time="83.944" classname="com.plumb5.mail.testcases.TC_08_Delete_Scheduled_Campaign"/>
</testsuite> <!-- com.plumb5.mail.testcases.TC_08_Delete_Scheduled_Campaign -->
