<?xml version="1.0" encoding="UTF-8"?>
<!-- Generated by org.testng.reporters.JUnitReportReporter -->
<testsuite hostname="DESKTOP-165ABPJ" name="com.plumb5.myprofile.testcases.TC_01_Profile_UpdateProfile" tests="1" failures="0" timestamp="30 Nov 2020 05:05:50 GMT" time="18.017" errors="0">
  <testcase name="Create_Group" time="18.017" classname="com.plumb5.myprofile.testcases.TC_01_Profile_UpdateProfile"/>
</testsuite> <!-- com.plumb5.myprofile.testcases.TC_01_Profile_UpdateProfile -->
