<?xml version="1.0" encoding="UTF-8"?>
<!-- Generated by org.testng.reporters.JUnitReportReporter -->
<testsuite hostname="DESKTOP-165ABPJ" name="com.plumb5.mail.testcases.TC_14_Duplicate_Triggers_Campaign" tests="1" failures="0" timestamp="16 Oct 2020 07:36:41 GMT" time="69.384" errors="0">
  <testcase name="Create_Group" time="69.384" classname="com.plumb5.mail.testcases.TC_14_Duplicate_Triggers_Campaign"/>
</testsuite> <!-- com.plumb5.mail.testcases.TC_14_Duplicate_Triggers_Campaign -->
