<?xml version="1.0" encoding="UTF-8"?>
<!-- Generated by org.testng.reporters.JUnitReportReporter -->
<testsuite hostname="DESKTOP-165ABPJ" name="com.plumb5.sms.testcases.TC_13_SMS_ManageCampaigns_SearchTemplate" tests="1" failures="0" timestamp="28 Oct 2020 06:48:13 GMT" time="77.394" errors="0">
  <testcase name="Create_Group" time="77.394" classname="com.plumb5.sms.testcases.TC_13_SMS_ManageCampaigns_SearchTemplate"/>
</testsuite> <!-- com.plumb5.sms.testcases.TC_13_SMS_ManageCampaigns_SearchTemplate -->
