<?xml version="1.0" encoding="UTF-8"?>
<!-- Generated by org.testng.reporters.JUnitReportReporter -->
<testsuite hostname="DESKTOP-165ABPJ" name="com.plumb5.sms.testcases.TC_20_SMS_ManageCampaigns_Delete_ScheduledCampaigns" tests="1" failures="0" timestamp="28 Oct 2020 07:52:54 GMT" time="94.629" errors="0">
  <testcase name="Create_Group" time="94.629" classname="com.plumb5.sms.testcases.TC_20_SMS_ManageCampaigns_Delete_ScheduledCampaigns"/>
</testsuite> <!-- com.plumb5.sms.testcases.TC_20_SMS_ManageCampaigns_Delete_ScheduledCampaigns -->
