<?xml version="1.0" encoding="UTF-8"?>
<!-- Generated by org.testng.reporters.JUnitReportReporter -->
<testsuite hostname="DESKTOP-165ABPJ" name="com.plumb5.mail.testcases.TC_06_Create_Scheduled_Campaign" tests="1" failures="0" timestamp="13 Sep 2020 05:59:02 GMT" time="67.850" errors="0">
  <testcase name="Create_Group" time="67.850" classname="com.plumb5.mail.testcases.TC_06_Create_Scheduled_Campaign"/>
</testsuite> <!-- com.plumb5.mail.testcases.TC_06_Create_Scheduled_Campaign -->
