<?xml version="1.0" encoding="UTF-8"?>
<!-- Generated by org.testng.reporters.JUnitReportReporter -->
<testsuite hostname="DESKTOP-165ABPJ" name="com.plumb5.myprofile.testcases.TC_03_Profile_Update_APIKey" tests="1" failures="0" timestamp="18 Nov 2020 10:44:05 GMT" time="20.636" errors="0">
  <testcase name="Create_Group" time="20.636" classname="com.plumb5.myprofile.testcases.TC_03_Profile_Update_APIKey"/>
</testsuite> <!-- com.plumb5.myprofile.testcases.TC_03_Profile_Update_APIKey -->
