<?xml version="1.0" encoding="UTF-8"?>
<!-- Generated by org.testng.reporters.JUnitReportReporter -->
<testsuite hostname="DESKTOP-165ABPJ" name="com.plumb5.myprofile.testcases.TC_15_Profile_Integration_Status" tests="1" failures="0" timestamp="23 Nov 2020 08:04:53 GMT" time="9.959" errors="0">
  <testcase name="Create_Group" time="9.959" classname="com.plumb5.myprofile.testcases.TC_15_Profile_Integration_Status"/>
</testsuite> <!-- com.plumb5.myprofile.testcases.TC_15_Profile_Integration_Status -->
