<?xml version="1.0" encoding="UTF-8"?>
<!-- Generated by org.testng.reporters.JUnitReportReporter -->
<testsuite hostname="DESKTOP-165ABPJ" name="com.plumb5.mail.testcases.TC_38_Reports_Alerts_Notifications" tests="1" failures="0" timestamp="13 Oct 2020 08:53:58 GMT" time="11.951" errors="0">
  <testcase name="Create_Group" time="11.951" classname="com.plumb5.mail.testcases.TC_38_Reports_Alerts_Notifications"/>
</testsuite> <!-- com.plumb5.mail.testcases.TC_38_Reports_Alerts_Notifications -->
