<?xml version="1.0" encoding="UTF-8"?>
<!-- Generated by org.testng.reporters.JUnitReportReporter -->
<testsuite hostname="DESKTOP-165ABPJ" name="com.plumb5.contacts.testcases.TC_13_Download_Sample_File" tests="1" failures="0" timestamp="9 Sep 2020 09:40:00 GMT" time="9.266" errors="0">
  <testcase name="Create_Group" time="9.266" classname="com.plumb5.contacts.testcases.TC_13_Download_Sample_File"/>
</testsuite> <!-- com.plumb5.contacts.testcases.TC_13_Download_Sample_File -->
