<?xml version="1.0" encoding="UTF-8"?>
<!-- Generated by org.testng.reporters.JUnitReportReporter -->
<testsuite hostname="DESKTOP-165ABPJ" name="com.plumb5.mail.testcases.TC_28_Settings_Configuration_Add_ESP_Validate_ESP" tests="1" failures="0" timestamp="13 Oct 2020 07:57:09 GMT" time="24.463" errors="0">
  <testcase name="Create_Group" time="24.463" classname="com.plumb5.mail.testcases.TC_28_Settings_Configuration_Add_ESP_Validate_ESP"/>
</testsuite> <!-- com.plumb5.mail.testcases.TC_28_Settings_Configuration_Add_ESP_Validate_ESP -->
