<?xml version="1.0" encoding="UTF-8"?>
<!-- Generated by org.testng.reporters.JUnitReportReporter -->
<testsuite hostname="DESKTOP-165ABPJ" name="com.plumb5.sms.testcases.TC_34_Delete_Triggers_Campaigns" tests="1" failures="0" timestamp="26 Oct 2020 10:40:17 GMT" time="86.716" errors="0">
  <testcase name="Create_Group" time="86.716" classname="com.plumb5.sms.testcases.TC_34_Delete_Triggers_Campaigns"/>
</testsuite> <!-- com.plumb5.sms.testcases.TC_34_Delete_Triggers_Campaigns -->
