<?xml version="1.0" encoding="UTF-8"?>
<!-- Generated by org.testng.reporters.JUnitReportReporter -->
<testsuite hostname="DESKTOP-165ABPJ" name="com.plumb5.contacts.testcases.TC_21_New_PhoneNumber_Existing_EmailId" tests="1" failures="0" timestamp="19 Sep 2020 07:22:29 GMT" time="46.462" errors="0">
  <testcase name="createContact" time="46.462" classname="com.plumb5.contacts.testcases.TC_21_New_PhoneNumber_Existing_EmailId"/>
</testsuite> <!-- com.plumb5.contacts.testcases.TC_21_New_PhoneNumber_Existing_EmailId -->
