<?xml version="1.0" encoding="UTF-8"?>
<!-- Generated by org.testng.reporters.JUnitReportReporter -->
<testsuite hostname="DESKTOP-165ABPJ" name="com.plumb5.testcases.TC_06_Search_Contact" tests="1" failures="0" timestamp="15 Aug 2020 18:50:18 GMT" time="11.293" errors="0">
  <testcase name="createContact" time="11.293" classname="com.plumb5.testcases.TC_06_Search_Contact"/>
</testsuite> <!-- com.plumb5.testcases.TC_06_Search_Contact -->
