<?xml version="1.0" encoding="UTF-8"?>
<!-- Generated by org.testng.reporters.JUnitReportReporter -->
<testsuite hostname="DESKTOP-165ABPJ" name="com.plumb5.sms.testcases.TC_29_SMS_Settings_Configuration_AddESP_DeleteESP" tests="1" failures="0" timestamp="22 Oct 2020 08:09:59 GMT" time="30.676" errors="0">
  <testcase name="Create_Group" time="30.676" classname="com.plumb5.sms.testcases.TC_29_SMS_Settings_Configuration_AddESP_DeleteESP"/>
</testsuite> <!-- com.plumb5.sms.testcases.TC_29_SMS_Settings_Configuration_AddESP_DeleteESP -->
