<?xml version="1.0" encoding="UTF-8"?>
<!-- Generated by org.testng.reporters.JUnitReportReporter -->
<testsuite hostname="DESKTOP-165ABPJ" name="com.plumb5.sms.testcases.TC_06_SMS_Dashboard_MobileAnalytics" tests="1" failures="0" timestamp="10 Oct 2020 11:56:09 GMT" time="8.871" errors="0">
  <testcase name="Create_Group" time="8.871" classname="com.plumb5.sms.testcases.TC_06_SMS_Dashboard_MobileAnalytics"/>
</testsuite> <!-- com.plumb5.sms.testcases.TC_06_SMS_Dashboard_MobileAnalytics -->
