<?xml version="1.0" encoding="UTF-8"?>
<!-- Generated by org.testng.reporters.JUnitReportReporter -->
<testsuite hostname="DESKTOP-165ABPJ" name="com.plumb5.contacts.testcases.TC_08_Duplicate_Group" tests="1" failures="0" timestamp="3 Sep 2020 15:07:37 GMT" time="28.361" errors="0">
  <testcase name="Create_Group" time="28.361" classname="com.plumb5.contacts.testcases.TC_08_Duplicate_Group"/>
</testsuite> <!-- com.plumb5.contacts.testcases.TC_08_Duplicate_Group -->
