<?xml version="1.0" encoding="UTF-8"?>
<!-- Generated by org.testng.reporters.JUnitReportReporter -->
<testsuite hostname="DESKTOP-165ABPJ" name="com.plumb5.contacts.testcases.TC_08_Groups_Export" tests="1" failures="0" timestamp="3 Sep 2020 13:23:18 GMT" time="55.934" errors="0">
  <testcase name="contacts_ExportReport" time="55.934" classname="com.plumb5.contacts.testcases.TC_08_Groups_Export"/>
</testsuite> <!-- com.plumb5.contacts.testcases.TC_08_Groups_Export -->
