<?xml version="1.0" encoding="UTF-8"?>
<!-- Generated by org.testng.reporters.JUnitReportReporter -->
<testsuite hostname="DESKTOP-165ABPJ" name="com.plumb5.sms.testcases.TC_25_SMS_ManageCampaigns_CreateScheduledCampaigns" tests="1" failures="0" timestamp="28 Oct 2020 08:26:06 GMT" time="70.758" errors="0">
  <testcase name="Create_Group" time="70.758" classname="com.plumb5.sms.testcases.TC_25_SMS_ManageCampaigns_CreateScheduledCampaigns"/>
</testsuite> <!-- com.plumb5.sms.testcases.TC_25_SMS_ManageCampaigns_CreateScheduledCampaigns -->
