<?xml version="1.0" encoding="UTF-8"?>
<!-- Generated by org.testng.reporters.JUnitReportReporter -->
<testsuite hostname="DESKTOP-165ABPJ" name="com.plumb5.mail.testcases.TC_39_Dashboard_Home" tests="1" failures="0" timestamp="13 Oct 2020 08:57:27 GMT" time="10.325" errors="0">
  <testcase name="Create_Group" time="10.325" classname="com.plumb5.mail.testcases.TC_39_Dashboard_Home"/>
</testsuite> <!-- com.plumb5.mail.testcases.TC_39_Dashboard_Home -->
