<?xml version="1.0" encoding="UTF-8"?>
<!-- Generated by org.testng.reporters.JUnitReportReporter -->
<testsuite hostname="DESKTOP-165ABPJ" name="com.plumb5.web.testcases.TC_21_Web_FormsBanners_ChangeFormPriority" tests="1" failures="0" timestamp="13 Nov 2020 05:08:31 GMT" time="13.531" errors="0">
  <testcase name="Create_Group" time="13.531" classname="com.plumb5.web.testcases.TC_21_Web_FormsBanners_ChangeFormPriority"/>
</testsuite> <!-- com.plumb5.web.testcases.TC_21_Web_FormsBanners_ChangeFormPriority -->
