<?xml version="1.0" encoding="UTF-8"?>
<!-- Generated by org.testng.reporters.JUnitReportReporter -->
<testsuite hostname="DESKTOP-165ABPJ" name="com.plumb5.sms.testcases.TC_11_SMS_ManageCampaigns_Draft_ExportReport" tests="1" failures="0" timestamp="28 Oct 2020 06:41:15 GMT" time="22.483" errors="0">
  <testcase name="Create_Group" time="22.483" classname="com.plumb5.sms.testcases.TC_11_SMS_ManageCampaigns_Draft_ExportReport"/>
</testsuite> <!-- com.plumb5.sms.testcases.TC_11_SMS_ManageCampaigns_Draft_ExportReport -->
