<?xml version="1.0" encoding="UTF-8"?>
<!-- Generated by org.testng.reporters.JUnitReportReporter -->
<testsuite hostname="DESKTOP-165ABPJ" name="com.plumb5.mail.testcases.TC_05_Delete_Draft_Campaign" tests="1" failures="0" timestamp="13 Oct 2020 10:45:28 GMT" time="27.373" errors="0">
  <testcase name="Create_Group" time="27.373" classname="com.plumb5.mail.testcases.TC_05_Delete_Draft_Campaign"/>
</testsuite> <!-- com.plumb5.mail.testcases.TC_05_Delete_Draft_Campaign -->
