<?xml version="1.0" encoding="UTF-8"?>
<!-- Generated by org.testng.reporters.JUnitReportReporter -->
<testsuite hostname="DESKTOP-165ABPJ" name="com.plumb5.contacts.testcases.TC_01_Create_Contact" tests="1" failures="0" timestamp="19 Sep 2020 05:46:34 GMT" time="40.283" errors="0">
  <testcase name="createContact" time="40.283" classname="com.plumb5.contacts.testcases.TC_01_Create_Contact"/>
</testsuite> <!-- com.plumb5.contacts.testcases.TC_01_Create_Contact -->
