<?xml version="1.0" encoding="UTF-8"?>
<!-- Generated by org.testng.reporters.JUnitReportReporter -->
<testsuite hostname="DESKTOP-165ABPJ" name="com.plumb5.contacts.testcases.TC_07_Contact_Details" tests="1" failures="0" timestamp="9 Sep 2020 08:36:46 GMT" time="16.988" errors="0">
  <testcase name="fetch_Contact_Details" time="16.988" classname="com.plumb5.contacts.testcases.TC_07_Contact_Details"/>
</testsuite> <!-- com.plumb5.contacts.testcases.TC_07_Contact_Details -->
