<?xml version="1.0" encoding="UTF-8"?>
<!-- Generated by org.testng.reporters.JUnitReportReporter -->
<testsuite hostname="DESKTOP-165ABPJ" name="com.plumb5.myprofile.testcases.TC_01_Profile_UpdateProfile" tests="1" failures="0" timestamp="17 Nov 2020 07:26:34 GMT" time="15.237" errors="0">
  <testcase name="Create_Group" time="15.237" classname="com.plumb5.myprofile.testcases.TC_01_Profile_UpdateProfile"/>
</testsuite> <!-- com.plumb5.myprofile.testcases.TC_01_Profile_UpdateProfile -->
