<?xml version="1.0" encoding="UTF-8"?>
<!-- Generated by org.testng.reporters.JUnitReportReporter -->
<testsuite hostname="DESKTOP-165ABPJ" name="com.plumb5.mail.testcases.TC_14_Duplicate_Triggers_Campaign" tests="1" failures="0" timestamp="22 Sep 2020 18:44:34 GMT" time="75.889" errors="0">
  <testcase name="Create_Group" time="75.889" classname="com.plumb5.mail.testcases.TC_14_Duplicate_Triggers_Campaign"/>
</testsuite> <!-- com.plumb5.mail.testcases.TC_14_Duplicate_Triggers_Campaign -->
