<?xml version="1.0" encoding="UTF-8"?>
<!-- Generated by org.testng.reporters.JUnitReportReporter -->
<testsuite hostname="DESKTOP-165ABPJ" name="com.plumb5.mail.testcases.TC_12_Search_Triggers_Campaign" tests="1" failures="0" timestamp="16 Oct 2020 07:28:41 GMT" time="28.799" errors="0">
  <testcase name="Create_Group" time="28.799" classname="com.plumb5.mail.testcases.TC_12_Search_Triggers_Campaign"/>
</testsuite> <!-- com.plumb5.mail.testcases.TC_12_Search_Triggers_Campaign -->
