<?xml version="1.0" encoding="UTF-8"?>
<!-- Generated by org.testng.reporters.JUnitReportReporter -->
<testsuite hostname="DESKTOP-165ABPJ" name="com.plumb5.testcases.TC_03_Invalidate_Contact" tests="1" failures="0" timestamp="15 Aug 2020 08:51:34 GMT" time="11.652" errors="0">
  <testcase name="createContact" time="11.652" classname="com.plumb5.testcases.TC_03_Invalidate_Contact"/>
</testsuite> <!-- com.plumb5.testcases.TC_03_Invalidate_Contact -->
