<?xml version="1.0" encoding="UTF-8"?>
<!-- Generated by org.testng.reporters.JUnitReportReporter -->
<testsuite hostname="DESKTOP-165ABPJ" name="com.plumb5.mail.testcases.TC_02_Search_Draft_Campaign" tests="1" failures="0" timestamp="13 Oct 2020 10:40:09 GMT" time="19.678" errors="0">
  <testcase name="Create_Group" time="19.678" classname="com.plumb5.mail.testcases.TC_02_Search_Draft_Campaign"/>
</testsuite> <!-- com.plumb5.mail.testcases.TC_02_Search_Draft_Campaign -->
