<?xml version="1.0" encoding="UTF-8"?>
<!-- Generated by org.testng.reporters.JUnitReportReporter -->
<testsuite hostname="DESKTOP-165ABPJ" name="com.plumb5.contacts.testcases.TC_08_Delete_Group" tests="1" failures="0" timestamp="3 Sep 2020 13:03:54 GMT" time="28.668" errors="0">
  <testcase name="Create_Group" time="28.668" classname="com.plumb5.contacts.testcases.TC_08_Delete_Group"/>
</testsuite> <!-- com.plumb5.contacts.testcases.TC_08_Delete_Group -->
