<?xml version="1.0" encoding="UTF-8"?>
<!-- Generated by org.testng.reporters.JUnitReportReporter -->
<testsuite hostname="DESKTOP-165ABPJ" name="com.plumb5.mail.testcases.TC_13_Edit_Triggers_Campaign" tests="1" failures="0" timestamp="22 Sep 2020 08:00:34 GMT" time="99.274" errors="0">
  <testcase name="Create_Group" time="99.274" classname="com.plumb5.mail.testcases.TC_13_Edit_Triggers_Campaign"/>
</testsuite> <!-- com.plumb5.mail.testcases.TC_13_Edit_Triggers_Campaign -->
