<?xml version="1.0" encoding="UTF-8"?>
<!-- Generated by org.testng.reporters.JUnitReportReporter -->
<testsuite hostname="DESKTOP-165ABPJ" name="com.plumb5.testcases.TC_06_SearchContact" tests="1" failures="0" timestamp="15 Aug 2020 12:36:58 GMT" time="7.983" errors="0">
  <testcase name="createContact" time="7.983" classname="com.plumb5.testcases.TC_06_SearchContact"/>
</testsuite> <!-- com.plumb5.testcases.TC_06_SearchContact -->
