<?xml version="1.0" encoding="UTF-8"?>
<!-- Generated by org.testng.reporters.JUnitReportReporter -->
<testsuite hostname="DESKTOP-165ABPJ" name="com.plumb5.myprofile.testcases.TC_07_Profile_Edit_Delete_Users" tests="1" failures="0" timestamp="19 Nov 2020 08:35:38 GMT" time="39.387" errors="0">
  <testcase name="Create_Group" time="39.387" classname="com.plumb5.myprofile.testcases.TC_07_Profile_Edit_Delete_Users"/>
</testsuite> <!-- com.plumb5.myprofile.testcases.TC_07_Profile_Edit_Delete_Users -->
