<?xml version="1.0" encoding="UTF-8"?>
<!-- Generated by org.testng.reporters.JUnitReportReporter -->
<testsuite hostname="DESKTOP-165ABPJ" name="com.plumb5.mobile.testcases.TC_01_Mobile_PushNotification_ManageCampaigns_CreateScheduledCampaigns" tests="1" failures="0" timestamp="4 Dec 2020 06:10:22 GMT" time="192.497" errors="0">
  <testcase name="Create_Group" time="192.497" classname="com.plumb5.mobile.testcases.TC_01_Mobile_PushNotification_ManageCampaigns_CreateScheduledCampaigns"/>
</testsuite> <!-- com.plumb5.mobile.testcases.TC_01_Mobile_PushNotification_ManageCampaigns_CreateScheduledCampaigns -->
