<?xml version="1.0" encoding="UTF-8"?>
<!-- Generated by org.testng.reporters.JUnitReportReporter -->
<testsuite hostname="DESKTOP-165ABPJ" name="com.plumb5.mail.testcases.TC_10_Duplicate_Scheduled_Campaign" tests="1" failures="0" timestamp="13 Sep 2020 08:45:39 GMT" time="180.284" errors="0">
  <testcase name="Create_Group" time="180.284" classname="com.plumb5.mail.testcases.TC_10_Duplicate_Scheduled_Campaign"/>
</testsuite> <!-- com.plumb5.mail.testcases.TC_10_Duplicate_Scheduled_Campaign -->
