<?xml version="1.0" encoding="UTF-8"?>
<!-- Generated by org.testng.reporters.JUnitReportReporter -->
<testsuite hostname="DESKTOP-165ABPJ" name="com.plumb5.mail.testcases.TC_31_Settings_Email_Verification_Settings" tests="1" failures="0" timestamp="4 Oct 2020 16:11:56 GMT" time="22.284" errors="0">
  <testcase name="Create_Group" time="22.284" classname="com.plumb5.mail.testcases.TC_31_Settings_Email_Verification_Settings"/>
</testsuite> <!-- com.plumb5.mail.testcases.TC_31_Settings_Email_Verification_Settings -->
