<?xml version="1.0" encoding="UTF-8"?>
<!-- Generated by org.testng.reporters.JUnitReportReporter -->
<testsuite hostname="DESKTOP-165ABPJ" name="com.plumb5.myprofile.testcases.TC_08_Profile_Edit_Delete_Roles" tests="1" failures="0" timestamp="30 Nov 2020 05:16:56 GMT" time="140.221" errors="0">
  <testcase name="Create_Group" time="140.221" classname="com.plumb5.myprofile.testcases.TC_08_Profile_Edit_Delete_Roles"/>
</testsuite> <!-- com.plumb5.myprofile.testcases.TC_08_Profile_Edit_Delete_Roles -->
