<?xml version="1.0" encoding="UTF-8"?>
<!-- Generated by org.testng.reporters.JUnitReportReporter -->
<testsuite hostname="DESKTOP-165ABPJ" name="com.plumb5.sms.testcases.TC_14_SMS_ManageCampaigns_DeleteTemplate" tests="1" failures="0" timestamp="15 Oct 2020 11:37:03 GMT" time="23.124" errors="0">
  <testcase name="Create_Group" time="23.124" classname="com.plumb5.sms.testcases.TC_14_SMS_ManageCampaigns_DeleteTemplate"/>
</testsuite> <!-- com.plumb5.sms.testcases.TC_14_SMS_ManageCampaigns_DeleteTemplate -->
