<?xml version="1.0" encoding="UTF-8"?>
<!-- Generated by org.testng.reporters.JUnitReportReporter -->
<testsuite hostname="DESKTOP-165ABPJ" name="com.plumb5.myprofile.testcases.TC_17_Profile_Time_Zone" tests="1" failures="0" timestamp="30 Nov 2020 05:57:02 GMT" time="10.064" errors="0">
  <testcase name="Create_Group" time="10.064" classname="com.plumb5.myprofile.testcases.TC_17_Profile_Time_Zone"/>
</testsuite> <!-- com.plumb5.myprofile.testcases.TC_17_Profile_Time_Zone -->
