<?xml version="1.0" encoding="UTF-8"?>
<!-- Generated by org.testng.reporters.JUnitReportReporter -->
<testsuite hostname="DESKTOP-165ABPJ" name="com.plumb5.mail.testcases.TC_06_Create_Scheduled_Campaign" tests="1" failures="0" timestamp="8 Sep 2020 15:44:15 GMT" time="26.805" errors="0">
  <testcase name="Create_Group" time="26.805" classname="com.plumb5.mail.testcases.TC_06_Create_Scheduled_Campaign"/>
</testsuite> <!-- com.plumb5.mail.testcases.TC_06_Create_Scheduled_Campaign -->
