<?xml version="1.0" encoding="UTF-8"?>
<!-- Generated by org.testng.reporters.JUnitReportReporter -->
<testsuite hostname="DESKTOP-165ABPJ" name="com.plumb5.mail.testcases.TC_17_Create_Templates_UploadTemplate" tests="1" failures="0" timestamp="8 Oct 2020 07:16:46 GMT" time="28.806" errors="0">
  <testcase name="Create_Group" time="28.806" classname="com.plumb5.mail.testcases.TC_17_Create_Templates_UploadTemplate"/>
</testsuite> <!-- com.plumb5.mail.testcases.TC_17_Create_Templates_UploadTemplate -->
