<?xml version="1.0" encoding="UTF-8"?>
<!-- Generated by org.testng.reporters.JUnitReportReporter -->
<testsuite hostname="DESKTOP-165ABPJ" name="com.plumb5.myprofile.testcases.TC_04_Profile_CreateUsersVerification" tests="1" failures="0" timestamp="18 Nov 2020 11:44:07 GMT" time="35.642" errors="0">
  <testcase name="Create_Group" time="35.642" classname="com.plumb5.myprofile.testcases.TC_04_Profile_CreateUsersVerification"/>
</testsuite> <!-- com.plumb5.myprofile.testcases.TC_04_Profile_CreateUsersVerification -->
