<?xml version="1.0" encoding="UTF-8"?>
<!-- Generated by org.testng.reporters.JUnitReportReporter -->
<testsuite hostname="DESKTOP-165ABPJ" name="com.plumb5.web.testcases.TC_17_Web_FormsBanners_EditResources" tests="1" failures="0" timestamp="9 Nov 2020 11:31:25 GMT" time="91.103" errors="0">
  <testcase name="Create_Group" time="91.103" classname="com.plumb5.web.testcases.TC_17_Web_FormsBanners_EditResources"/>
</testsuite> <!-- com.plumb5.web.testcases.TC_17_Web_FormsBanners_EditResources -->
