<?xml version="1.0" encoding="UTF-8"?>
<!-- Generated by org.testng.reporters.JUnitReportReporter -->
<testsuite hostname="DESKTOP-165ABPJ" name="com.plumb5.mail.testcases.TC_20_Delete_Template" tests="1" failures="0" timestamp="25 Sep 2020 07:45:47 GMT" time="29.676" errors="0">
  <testcase name="Create_Group" time="29.676" classname="com.plumb5.mail.testcases.TC_20_Delete_Template"/>
</testsuite> <!-- com.plumb5.mail.testcases.TC_20_Delete_Template -->
