<?xml version="1.0" encoding="UTF-8"?>
<!-- Generated by org.testng.reporters.JUnitReportReporter -->
<testsuite hostname="DESKTOP-165ABPJ" name="com.plumb5.web.testcases.TC_15_Web_FormsBanners_ChangeFormStatus" tests="1" failures="0" timestamp="6 Nov 2020 09:23:50 GMT" time="162.736" errors="0">
  <testcase name="Create_Group" time="162.736" classname="com.plumb5.web.testcases.TC_15_Web_FormsBanners_ChangeFormStatus"/>
</testsuite> <!-- com.plumb5.web.testcases.TC_15_Web_FormsBanners_ChangeFormStatus -->
