<?xml version="1.0" encoding="UTF-8"?>
<!-- Generated by org.testng.reporters.JUnitReportReporter -->
<testsuite hostname="DESKTOP-165ABPJ" name="com.plumb5.web.testcases.TC_12_Web_FormsBanners_EditForm" tests="1" failures="0" timestamp="13 Nov 2020 05:13:18 GMT" time="191.563" errors="0">
  <testcase name="Create_Group" time="191.563" classname="com.plumb5.web.testcases.TC_12_Web_FormsBanners_EditForm"/>
</testsuite> <!-- com.plumb5.web.testcases.TC_12_Web_FormsBanners_EditForm -->
