<?xml version="1.0" encoding="UTF-8"?>
<!-- Generated by org.testng.reporters.JUnitReportReporter -->
<testsuite hostname="DESKTOP-165ABPJ" name="com.plumb5.mail.testcases.TC_01_Dashboard_Home" tests="1" failures="0" timestamp="7 Sep 2020 14:23:32 GMT" time="32.347" errors="0">
  <testcase name="Create_Group" time="32.347" classname="com.plumb5.mail.testcases.TC_01_Dashboard_Home"/>
</testsuite> <!-- com.plumb5.mail.testcases.TC_01_Dashboard_Home -->
