<?xml version="1.0" encoding="UTF-8"?>
<!-- Generated by org.testng.reporters.JUnitReportReporter -->
<testsuite hostname="DESKTOP-165ABPJ" name="com.plumb5.sms.testcases.TC_27_SMS_Settings_Configuration_AddESP_EditESP" tests="1" failures="0" timestamp="22 Oct 2020 06:40:24 GMT" time="29.641" errors="0">
  <testcase name="Create_Group" time="29.641" classname="com.plumb5.sms.testcases.TC_27_SMS_Settings_Configuration_AddESP_EditESP"/>
</testsuite> <!-- com.plumb5.sms.testcases.TC_27_SMS_Settings_Configuration_AddESP_EditESP -->
