<?xml version="1.0" encoding="UTF-8"?>
<!-- Generated by org.testng.reporters.JUnitReportReporter -->
<testsuite hostname="DESKTOP-165ABPJ" name="com.plumb5.mail.testcases.TC_04_Duplicate_Draft_Campaign" tests="1" failures="0" timestamp="8 Sep 2020 04:49:55 GMT" time="30.659" errors="0">
  <testcase name="Create_Group" time="30.659" classname="com.plumb5.mail.testcases.TC_04_Duplicate_Draft_Campaign"/>
</testsuite> <!-- com.plumb5.mail.testcases.TC_04_Duplicate_Draft_Campaign -->
