<?xml version="1.0" encoding="UTF-8"?>
<!-- Generated by org.testng.reporters.JUnitReportReporter -->
<testsuite hostname="DESKTOP-165ABPJ" name="com.plumb5.web.testcases.TC_07_Web_BrowserNotifications_Delete_Template" tests="1" failures="0" timestamp="30 Oct 2020 10:00:34 GMT" time="89.037" errors="0">
  <testcase name="Create_Group" time="89.037" classname="com.plumb5.web.testcases.TC_07_Web_BrowserNotifications_Delete_Template"/>
</testsuite> <!-- com.plumb5.web.testcases.TC_07_Web_BrowserNotifications_Delete_Template -->
