<?xml version="1.0" encoding="UTF-8"?>
<!-- Generated by org.testng.reporters.JUnitReportReporter -->
<testsuite hostname="DESKTOP-165ABPJ" name="com.plumb5.sms.testcases.TC_04_SMS_Dashboard_Mail" tests="1" failures="0" timestamp="9 Oct 2020 12:47:01 GMT" time="8.961" errors="0">
  <testcase name="Create_Group" time="8.961" classname="com.plumb5.sms.testcases.TC_04_SMS_Dashboard_Mail"/>
</testsuite> <!-- com.plumb5.sms.testcases.TC_04_SMS_Dashboard_Mail -->
