<?xml version="1.0" encoding="UTF-8"?>
<!-- Generated by org.testng.reporters.JUnitReportReporter -->
<testsuite hostname="DESKTOP-165ABPJ" name="com.plumb5.mail.testcases.TC_25_Settings_Configuration_Add_Email_Update_Email" tests="1" failures="0" timestamp="1 Oct 2020 14:09:15 GMT" time="28.253" errors="0">
  <testcase name="Create_Group" time="28.253" classname="com.plumb5.mail.testcases.TC_25_Settings_Configuration_Add_Email_Update_Email"/>
</testsuite> <!-- com.plumb5.mail.testcases.TC_25_Settings_Configuration_Add_Email_Update_Email -->
