<?xml version="1.0" encoding="UTF-8"?>
<!-- Generated by org.testng.reporters.JUnitReportReporter -->
<testsuite hostname="DESKTOP-165ABPJ" name="com.plumb5.sms.testcases.TC_26_SMS_Settings_Configuration_Add_ESP" tests="1" failures="0" timestamp="28 Oct 2020 08:45:48 GMT" time="20.253" errors="0">
  <testcase name="Create_Group" time="20.253" classname="com.plumb5.sms.testcases.TC_26_SMS_Settings_Configuration_Add_ESP"/>
</testsuite> <!-- com.plumb5.sms.testcases.TC_26_SMS_Settings_Configuration_Add_ESP -->
