<?xml version="1.0" encoding="UTF-8"?>
<!-- Generated by org.testng.reporters.JUnitReportReporter -->
<testsuite hostname="DESKTOP-165ABPJ" name="com.plumb5.sms.testcases.TC_21_SMS_Reports_Filter_By_Campaigns" tests="1" failures="0" timestamp="28 Oct 2020 08:11:07 GMT" time="11.427" errors="0">
  <testcase name="Create_Group" time="11.427" classname="com.plumb5.sms.testcases.TC_21_SMS_Reports_Filter_By_Campaigns"/>
</testsuite> <!-- com.plumb5.sms.testcases.TC_21_SMS_Reports_Filter_By_Campaigns -->
