<?xml version="1.0" encoding="UTF-8"?>
<!-- Generated by org.testng.reporters.JUnitReportReporter -->
<testsuite hostname="DESKTOP-165ABPJ" name="com.plumb5.myprofile.testcases.TC_15_Profile_Integration_Status" tests="1" failures="0" timestamp="30 Nov 2020 05:20:23 GMT" time="10.365" errors="0">
  <testcase name="Create_Group" time="10.365" classname="com.plumb5.myprofile.testcases.TC_15_Profile_Integration_Status"/>
</testsuite> <!-- com.plumb5.myprofile.testcases.TC_15_Profile_Integration_Status -->
