<?xml version="1.0" encoding="UTF-8"?>
<!-- Generated by org.testng.reporters.JUnitReportReporter -->
<testsuite hostname="DESKTOP-165ABPJ" name="com.plumb5.web.testcases.TC_06_Web_BrowserNotifications_Create_Edit_Template" tests="1" failures="0" timestamp="13 Nov 2020 04:38:52 GMT" time="101.182" errors="0">
  <testcase name="Create_Group" time="101.182" classname="com.plumb5.web.testcases.TC_06_Web_BrowserNotifications_Create_Edit_Template"/>
</testsuite> <!-- com.plumb5.web.testcases.TC_06_Web_BrowserNotifications_Create_Edit_Template -->
