<?xml version="1.0" encoding="UTF-8"?>
<!-- Generated by org.testng.reporters.JUnitReportReporter -->
<testsuite hostname="DESKTOP-165ABPJ" name="com.plumb5.myprofile.testcases.TC_14_Profile_CreateCampaignIdentifier" tests="1" failures="0" timestamp="23 Nov 2020 07:50:20 GMT" time="13.335" errors="0">
  <testcase name="Create_Group" time="13.335" classname="com.plumb5.myprofile.testcases.TC_14_Profile_CreateCampaignIdentifier"/>
</testsuite> <!-- com.plumb5.myprofile.testcases.TC_14_Profile_CreateCampaignIdentifier -->
