<?xml version="1.0" encoding="UTF-8"?>
<!-- Generated by org.testng.reporters.JUnitReportReporter -->
<testsuite hostname="DESKTOP-165ABPJ" name="com.plumb5.mail.testcases.TC_26_Settings_Configuration_Add_ESP_Edit_ESP" tests="1" failures="0" timestamp="4 Oct 2020 04:55:14 GMT" time="28.893" errors="0">
  <testcase name="Create_Group" time="28.893" classname="com.plumb5.mail.testcases.TC_26_Settings_Configuration_Add_ESP_Edit_ESP"/>
</testsuite> <!-- com.plumb5.mail.testcases.TC_26_Settings_Configuration_Add_ESP_Edit_ESP -->
