<?xml version="1.0" encoding="UTF-8"?>
<!-- Generated by org.testng.reporters.JUnitReportReporter -->
<testsuite hostname="DESKTOP-165ABPJ" name="com.plumb5.settings.testcases.TC_01_Configuration" tests="1" failures="0" timestamp="28 Sep 2020 06:35:09 GMT" time="10.490" errors="0">
  <testcase name="Create_Group" time="10.490" classname="com.plumb5.settings.testcases.TC_01_Configuration"/>
</testsuite> <!-- com.plumb5.settings.testcases.TC_01_Configuration -->
