<?xml version="1.0" encoding="UTF-8"?>
<!-- Generated by org.testng.reporters.JUnitReportReporter -->
<testsuite hostname="DESKTOP-165ABPJ" name="com.plumb5.contacts.testcases.TC_09_Create_Custom_Field" tests="1" failures="0" timestamp="9 Sep 2020 09:15:41 GMT" time="15.472" errors="0">
  <testcase name="createContact" time="15.472" classname="com.plumb5.contacts.testcases.TC_09_Create_Custom_Field"/>
</testsuite> <!-- com.plumb5.contacts.testcases.TC_09_Create_Custom_Field -->
