<?xml version="1.0" encoding="UTF-8"?>
<!-- Generated by org.testng.reporters.JUnitReportReporter -->
<testsuite hostname="DESKTOP-165ABPJ" name="com.plumb5.mobile.testcases.TC_05_Mobile_Duplicate_Template" tests="1" failures="0" timestamp="16 Dec 2020 05:38:09 GMT" time="25.481" errors="0">
  <testcase name="Create_Group" time="25.481" classname="com.plumb5.mobile.testcases.TC_05_Mobile_Duplicate_Template"/>
</testsuite> <!-- com.plumb5.mobile.testcases.TC_05_Mobile_Duplicate_Template -->
