<?xml version="1.0" encoding="UTF-8"?>
<!-- Generated by org.testng.reporters.JUnitReportReporter -->
<testsuite hostname="DESKTOP-165ABPJ" name="com.plumb5.contacts.testcases.TC_03_Invalidate_Contact" tests="1" failures="0" timestamp="9 Sep 2020 07:27:35 GMT" time="51.856" errors="0">
  <testcase name="invalidate_Contact" time="51.856" classname="com.plumb5.contacts.testcases.TC_03_Invalidate_Contact"/>
</testsuite> <!-- com.plumb5.contacts.testcases.TC_03_Invalidate_Contact -->
