<?xml version="1.0" encoding="UTF-8"?>
<!-- Generated by org.testng.reporters.JUnitReportReporter -->
<testsuite hostname="DESKTOP-165ABPJ" name="com.plumb5.mobile.testcases.TC_01_Mobile_PushNotification_ManageCampaigns_CreateScheduledCampaigns" tests="1" failures="0" timestamp="10 Dec 2020 09:30:01 GMT" time="176.289" errors="0">
  <testcase name="Create_Group" time="176.289" classname="com.plumb5.mobile.testcases.TC_01_Mobile_PushNotification_ManageCampaigns_CreateScheduledCampaigns"/>
</testsuite> <!-- com.plumb5.mobile.testcases.TC_01_Mobile_PushNotification_ManageCampaigns_CreateScheduledCampaigns -->
