<?xml version="1.0" encoding="UTF-8"?>
<!-- Generated by org.testng.reporters.JUnitReportReporter -->
<testsuite hostname="DESKTOP-165ABPJ" name="com.plumb5.contacts.testcases.TC_21_Create_NewContact_OnlyPhoneNumber" tests="1" failures="0" timestamp="19 Sep 2020 08:54:31 GMT" time="40.941" errors="0">
  <testcase name="createContact" time="40.941" classname="com.plumb5.contacts.testcases.TC_21_Create_NewContact_OnlyPhoneNumber"/>
</testsuite> <!-- com.plumb5.contacts.testcases.TC_21_Create_NewContact_OnlyPhoneNumber -->
