<?xml version="1.0" encoding="UTF-8"?>
<!-- Generated by org.testng.reporters.JUnitReportReporter -->
<testsuite hostname="DESKTOP-165ABPJ" name="com.plumb5.sms.testcases.TC_02_SMS_Dashboard_WebAnalytics" tests="1" failures="0" timestamp="9 Oct 2020 12:24:00 GMT" time="58.242" errors="0">
  <testcase name="Create_Group" time="58.242" classname="com.plumb5.sms.testcases.TC_02_SMS_Dashboard_WebAnalytics"/>
</testsuite> <!-- com.plumb5.sms.testcases.TC_02_SMS_Dashboard_WebAnalytics -->
