<?xml version="1.0" encoding="UTF-8"?>
<!-- Generated by org.testng.reporters.JUnitReportReporter -->
<testsuite hostname="DESKTOP-165ABPJ" name="com.plumb5.sms.testcases.TC_09_SMS_ManageCampaigns_DuplicateDraft" tests="1" failures="0" timestamp="28 Oct 2020 06:38:27 GMT" time="30.843" errors="0">
  <testcase name="Create_Group" time="30.843" classname="com.plumb5.sms.testcases.TC_09_SMS_ManageCampaigns_DuplicateDraft"/>
</testsuite> <!-- com.plumb5.sms.testcases.TC_09_SMS_ManageCampaigns_DuplicateDraft -->
