<?xml version="1.0" encoding="UTF-8"?>
<!-- Generated by org.testng.reporters.JUnitReportReporter -->
<testsuite hostname="DESKTOP-165ABPJ" name="com.plumb5.myprofile.testcases.TC_06_Profile_CreateGroupsVerification" tests="1" failures="0" timestamp="30 Nov 2020 05:12:44 GMT" time="29.585" errors="0">
  <testcase name="Create_Group" time="29.585" classname="com.plumb5.myprofile.testcases.TC_06_Profile_CreateGroupsVerification"/>
</testsuite> <!-- com.plumb5.myprofile.testcases.TC_06_Profile_CreateGroupsVerification -->
