<?xml version="1.0" encoding="UTF-8"?>
<!-- Generated by org.testng.reporters.JUnitReportReporter -->
<testsuite hostname="DESKTOP-165ABPJ" name="com.plumb5.mail.testcases.TC_24_Settings_Configuration_Add_Email_Delete_Email" tests="1" failures="0" timestamp="1 Oct 2020 09:41:03 GMT" time="30.597" errors="0">
  <testcase name="Create_Group" time="30.597" classname="com.plumb5.mail.testcases.TC_24_Settings_Configuration_Add_Email_Delete_Email"/>
</testsuite> <!-- com.plumb5.mail.testcases.TC_24_Settings_Configuration_Add_Email_Delete_Email -->
