<?xml version="1.0" encoding="UTF-8"?>
<!-- Generated by org.testng.reporters.JUnitReportReporter -->
<testsuite hostname="DESKTOP-165ABPJ" name="com.plumb5.sms.testcases.TC_23_SMS_Reports_Alerts_Notifications" tests="1" failures="0" timestamp="28 Oct 2020 08:16:16 GMT" time="8.053" errors="0">
  <testcase name="Create_Group" time="8.053" classname="com.plumb5.sms.testcases.TC_23_SMS_Reports_Alerts_Notifications"/>
</testsuite> <!-- com.plumb5.sms.testcases.TC_23_SMS_Reports_Alerts_Notifications -->
