<?xml version="1.0" encoding="UTF-8"?>
<!-- Generated by org.testng.reporters.JUnitReportReporter -->
<testsuite hostname="DESKTOP-165ABPJ" name="com.plumb5.contacts.testcases.TC_07_Contact_Details" tests="1" failures="0" timestamp="22 Sep 2020 05:29:18 GMT" time="16.915" errors="0">
  <testcase name="fetch_Contact_Details" time="16.915" classname="com.plumb5.contacts.testcases.TC_07_Contact_Details"/>
</testsuite> <!-- com.plumb5.contacts.testcases.TC_07_Contact_Details -->
