<?xml version="1.0" encoding="UTF-8"?>
<!-- Generated by org.testng.reporters.JUnitReportReporter -->
<testsuite hostname="DESKTOP-165ABPJ" name="com.plumb5.contacts.testcases.TC_18_Validate_Group" tests="1" failures="0" timestamp="9 Sep 2020 11:04:23 GMT" time="17.225" errors="0">
  <testcase name="Create_Group" time="17.225" classname="com.plumb5.contacts.testcases.TC_18_Validate_Group"/>
</testsuite> <!-- com.plumb5.contacts.testcases.TC_18_Validate_Group -->
