<?xml version="1.0" encoding="UTF-8"?>
<!-- Generated by org.testng.reporters.JUnitReportReporter -->
<testsuite hostname="DESKTOP-165ABPJ" name="com.plumb5.myprofile.testcases.TC_12_Profile_Create_SearchGroups" tests="1" failures="0" timestamp="19 Nov 2020 09:50:08 GMT" time="30.744" errors="0">
  <testcase name="Create_Group" time="30.744" classname="com.plumb5.myprofile.testcases.TC_12_Profile_Create_SearchGroups"/>
</testsuite> <!-- com.plumb5.myprofile.testcases.TC_12_Profile_Create_SearchGroups -->
