<?xml version="1.0" encoding="UTF-8"?>
<!-- Generated by org.testng.reporters.JUnitReportReporter -->
<testsuite hostname="DESKTOP-165ABPJ" name="com.plumb5.mail.testcases.TC_31_Settings_Email_Verification_Settings_Add_Provider_Name" tests="1" failures="0" timestamp="4 Oct 2020 16:32:19 GMT" time="22.348" errors="0">
  <testcase name="Create_Group" time="22.348" classname="com.plumb5.mail.testcases.TC_31_Settings_Email_Verification_Settings_Add_Provider_Name"/>
</testsuite> <!-- com.plumb5.mail.testcases.TC_31_Settings_Email_Verification_Settings_Add_Provider_Name -->
