<?xml version="1.0" encoding="UTF-8"?>
<!-- Generated by org.testng.reporters.JUnitReportReporter -->
<testsuite hostname="DESKTOP-165ABPJ" name="com.plumb5.mail.testcases.TC_06_Create_Scheduled_Campaign" tests="1" failures="0" timestamp="16 Oct 2020 09:49:56 GMT" time="146.619" errors="0">
  <testcase name="Create_Group" time="146.619" classname="com.plumb5.mail.testcases.TC_06_Create_Scheduled_Campaign"/>
</testsuite> <!-- com.plumb5.mail.testcases.TC_06_Create_Scheduled_Campaign -->
