<?xml version="1.0" encoding="UTF-8"?>
<!-- Generated by org.testng.reporters.JUnitReportReporter -->
<testsuite hostname="DESKTOP-165ABPJ" name="com.plumb5.sms.testcases.TC_28_SMS_Settings_Configuration_Add_ESP_Validate_ESP" tests="1" failures="0" timestamp="22 Oct 2020 06:55:37 GMT" time="27.069" errors="0">
  <testcase name="Create_Group" time="27.069" classname="com.plumb5.sms.testcases.TC_28_SMS_Settings_Configuration_Add_ESP_Validate_ESP"/>
</testsuite> <!-- com.plumb5.sms.testcases.TC_28_SMS_Settings_Configuration_Add_ESP_Validate_ESP -->
