<?xml version="1.0" encoding="UTF-8"?>
<!-- Generated by org.testng.reporters.JUnitReportReporter -->
<testsuite hostname="DESKTOP-165ABPJ" name="com.plumb5.web.testcases.TC_01_Web_ManageCampaigns_CreateDraftCampaign" tests="1" failures="0" timestamp="23 Oct 2020 05:54:15 GMT" time="11.646" errors="0">
  <testcase name="Create_Group" time="11.646" classname="com.plumb5.web.testcases.TC_01_Web_ManageCampaigns_CreateDraftCampaign"/>
</testsuite> <!-- com.plumb5.web.testcases.TC_01_Web_ManageCampaigns_CreateDraftCampaign -->
