<?xml version="1.0" encoding="UTF-8"?>
<!-- Generated by org.testng.reporters.JUnitReportReporter -->
<testsuite hostname="DESKTOP-165ABPJ" name="com.plumb5.mail.testcases.TC_18_Duplicate_Template" tests="1" failures="0" timestamp="16 Oct 2020 07:50:23 GMT" time="25.441" errors="0">
  <testcase name="Create_Group" time="25.441" classname="com.plumb5.mail.testcases.TC_18_Duplicate_Template"/>
</testsuite> <!-- com.plumb5.mail.testcases.TC_18_Duplicate_Template -->
