<?xml version="1.0" encoding="UTF-8"?>
<!-- Generated by org.testng.reporters.JUnitReportReporter -->
<testsuite hostname="DESKTOP-165ABPJ" name="com.plumb5.mail.testcases.TC_27_Settings_Configuration_Add_ESP_Delete_ESP" tests="1" failures="0" timestamp="13 Oct 2020 07:55:02 GMT" time="27.087" errors="0">
  <testcase name="Create_Group" time="27.087" classname="com.plumb5.mail.testcases.TC_27_Settings_Configuration_Add_ESP_Delete_ESP"/>
</testsuite> <!-- com.plumb5.mail.testcases.TC_27_Settings_Configuration_Add_ESP_Delete_ESP -->
