<?xml version="1.0" encoding="UTF-8"?>
<!-- Generated by org.testng.reporters.JUnitReportReporter -->
<testsuite hostname="DESKTOP-165ABPJ" name="com.plumb5.web.testcases.TC_03_Web_ManageCampaigns_DuplicateDraftCampaign" tests="1" failures="0" timestamp="23 Oct 2020 06:28:01 GMT" time="16.900" errors="0">
  <testcase name="Create_Group" time="16.900" classname="com.plumb5.web.testcases.TC_03_Web_ManageCampaigns_DuplicateDraftCampaign"/>
</testsuite> <!-- com.plumb5.web.testcases.TC_03_Web_ManageCampaigns_DuplicateDraftCampaign -->
