<?xml version="1.0" encoding="UTF-8"?>
<!-- Generated by org.testng.reporters.JUnitReportReporter -->
<testsuite hostname="DESKTOP-165ABPJ" name="com.plumb5.contacts.testcases.TC_14_Duplicate_Group" tests="1" failures="0" timestamp="9 Sep 2020 10:23:02 GMT" time="24.955" errors="0">
  <testcase name="Create_Group" time="24.955" classname="com.plumb5.contacts.testcases.TC_14_Duplicate_Group"/>
</testsuite> <!-- com.plumb5.contacts.testcases.TC_14_Duplicate_Group -->
