<?xml version="1.0" encoding="UTF-8"?>
<!-- Generated by org.testng.reporters.JUnitReportReporter -->
<testsuite hostname="DESKTOP-165ABPJ" name="com.plumb5.sms.testcases.TC_21_Reports_Filter_By_Campaigns" tests="1" failures="0" timestamp="20 Oct 2020 06:29:42 GMT" time="11.486" errors="0">
  <testcase name="Create_Group" time="11.486" classname="com.plumb5.sms.testcases.TC_21_Reports_Filter_By_Campaigns"/>
</testsuite> <!-- com.plumb5.sms.testcases.TC_21_Reports_Filter_By_Campaigns -->
