<?xml version="1.0" encoding="UTF-8"?>
<!-- Generated by org.testng.reporters.JUnitReportReporter -->
<testsuite hostname="DESKTOP-165ABPJ" name="com.plumb5.mail.testcases.TC_30_Settings_Spam_Score_Settings" tests="1" failures="0" timestamp="4 Oct 2020 08:43:48 GMT" time="21.830" errors="0">
  <testcase name="Create_Group" time="21.830" classname="com.plumb5.mail.testcases.TC_30_Settings_Spam_Score_Settings"/>
</testsuite> <!-- com.plumb5.mail.testcases.TC_30_Settings_Spam_Score_Settings -->
