<?xml version="1.0" encoding="UTF-8"?>
<!-- Generated by org.testng.reporters.JUnitReportReporter -->
<testsuite hostname="DESKTOP-165ABPJ" name="com.plumb5.sms.testcases.TC_16_SMS_ManageCampaigns_DeleteTemplate" tests="1" failures="0" timestamp="28 Oct 2020 07:07:30 GMT" time="102.324" errors="0">
  <testcase name="Create_Group" time="102.324" classname="com.plumb5.sms.testcases.TC_16_SMS_ManageCampaigns_DeleteTemplate"/>
</testsuite> <!-- com.plumb5.sms.testcases.TC_16_SMS_ManageCampaigns_DeleteTemplate -->
