<?xml version="1.0" encoding="UTF-8"?>
<!-- Generated by org.testng.reporters.JUnitReportReporter -->
<testsuite hostname="DESKTOP-165ABPJ" name="com.plumb5.testcases.TC_01_CreateContact" tests="1" failures="0" timestamp="14 Aug 2020 05:55:34 GMT" time="32.085" errors="0">
  <testcase name="createContact" time="32.085" classname="com.plumb5.testcases.TC_01_CreateContact"/>
</testsuite> <!-- com.plumb5.testcases.TC_01_CreateContact -->
