<?xml version="1.0" encoding="UTF-8"?>
<!-- Generated by org.testng.reporters.JUnitReportReporter -->
<testsuite hostname="DESKTOP-165ABPJ" name="com.plumb5.mail.testcases.TC_37_Reports_Soft_Bounced_FilterByReason_Download" tests="1" failures="0" timestamp="6 Oct 2020 16:19:23 GMT" time="125.169" errors="0">
  <testcase name="Create_Group" time="125.169" classname="com.plumb5.mail.testcases.TC_37_Reports_Soft_Bounced_FilterByReason_Download"/>
</testsuite> <!-- com.plumb5.mail.testcases.TC_37_Reports_Soft_Bounced_FilterByReason_Download -->
