<?xml version="1.0" encoding="UTF-8"?>
<!-- Generated by org.testng.reporters.JUnitReportReporter -->
<testsuite hostname="DESKTOP-165ABPJ" name="com.plumb5.contacts.testcases.TC_22_New_EmailId_Existing_PhoneNumber" tests="1" failures="0" timestamp="19 Sep 2020 09:28:07 GMT" time="41.519" errors="0">
  <testcase name="createContact" time="41.519" classname="com.plumb5.contacts.testcases.TC_22_New_EmailId_Existing_PhoneNumber"/>
</testsuite> <!-- com.plumb5.contacts.testcases.TC_22_New_EmailId_Existing_PhoneNumber -->
