<?xml version="1.0" encoding="UTF-8"?>
<!-- Generated by org.testng.reporters.JUnitReportReporter -->
<testsuite hostname="DESKTOP-165ABPJ" name="com.plumb5.web.testcases.TC_10_Web_ManageNotifications_CreateRSSNotifications" tests="1" failures="0" timestamp="13 Nov 2020 04:44:08 GMT" time="50.096" errors="0">
  <testcase name="Create_Group" time="50.096" classname="com.plumb5.web.testcases.TC_10_Web_ManageNotifications_CreateRSSNotifications"/>
</testsuite> <!-- com.plumb5.web.testcases.TC_10_Web_ManageNotifications_CreateRSSNotifications -->
