<?xml version="1.0" encoding="UTF-8"?>
<!-- Generated by org.testng.reporters.JUnitReportReporter -->
<testsuite hostname="DESKTOP-165ABPJ" name="com.plumb5.testcases.TC_02_Add_Remove_Group" tests="1" failures="0" timestamp="15 Aug 2020 07:23:37 GMT" time="19.754" errors="0">
  <testcase name="createContact" time="19.754" classname="com.plumb5.testcases.TC_02_Add_Remove_Group"/>
</testsuite> <!-- com.plumb5.testcases.TC_02_Add_Remove_Group -->
