<?xml version="1.0" encoding="UTF-8"?>
<!-- Generated by org.testng.reporters.JUnitReportReporter -->
<testsuite hostname="DESKTOP-165ABPJ" name="com.plumb5.mail.testcases.TC_03_Edit_Draft_Campaign" tests="1" failures="0" timestamp="7 Sep 2020 15:47:55 GMT" time="36.244" errors="0">
  <testcase name="Create_Group" time="36.244" classname="com.plumb5.mail.testcases.TC_03_Edit_Draft_Campaign"/>
</testsuite> <!-- com.plumb5.mail.testcases.TC_03_Edit_Draft_Campaign -->
