<?xml version="1.0" encoding="UTF-8"?>
<!-- Generated by org.testng.reporters.JUnitReportReporter -->
<testsuite hostname="DESKTOP-165ABPJ" name="Automation.Plumb5.TC_01_CreateContact" tests="1" failures="0" timestamp="12 Aug 2020 05:15:57 GMT" time="9.059" errors="0">
  <testcase name="createContact" time="9.059" classname="Automation.Plumb5.TC_01_CreateContact"/>
</testsuite> <!-- Automation.Plumb5.TC_01_CreateContact -->
