<?xml version="1.0" encoding="UTF-8"?>
<!-- Generated by org.testng.reporters.JUnitReportReporter -->
<testsuite hostname="DESKTOP-165ABPJ" name="com.plumb5.sms.testcases.TC_12_SMS_ManageCampaigns_CreateTemplate" tests="1" failures="0" timestamp="6 Nov 2020 08:02:33 GMT" time="0.004" errors="1">
  <testcase name="Create_Group" time="0.004" classname="com.plumb5.sms.testcases.TC_12_SMS_ManageCampaigns_CreateTemplate">
    <error type="java.lang.NullPointerException">
      <![CDATA[java.lang.NullPointerException
	at com.aventstack.extentreports.reporter.converters.ExtentHtmlLogConverter.getTimestamp(ExtentHtmlLogConverter.java:73)
	at com.aventstack.extentreports.reporter.converters.ExtentHtmlLogConverter.addLogsFromPreExistingMarkup(ExtentHtmlLogConverter.java:55)
	at com.aventstack.extentreports.reporter.converters.ExtentHtmlLogConverter.addHtmlLogsToParent(ExtentHtmlLogConverter.java:39)
	at com.aventstack.extentreports.reporter.converters.ExtentHtmlLogConverter.parseAndAddLogsToTest(ExtentHtmlLogConverter.java:27)
	at com.aventstack.extentreports.reporter.converters.ExtentHtmlTestConverter.buildStandardTestDeps(ExtentHtmlTestConverter.java:111)
	at com.aventstack.extentreports.reporter.converters.ExtentHtmlTestConverter.parseAndGetTest(ExtentHtmlTestConverter.java:77)
	at com.aventstack.extentreports.reporter.converters.ExtentHtmlTestConverter.parseAndGetTests(ExtentHtmlTestConverter.java:52)
	at com.aventstack.extentreports.reporter.converters.ExtentHtmlReporterConverter.parseAndGetModelCollection(ExtentHtmlReporterConverter.java:17)
	at com.aventstack.extentreports.reporter.ExtentHtmlReporter.parseReportBuildTestCollection(ExtentHtmlReporter.java:114)
	at com.aventstack.extentreports.reporter.ExtentHtmlReporter.start(ExtentHtmlReporter.java:105)
	at com.aventstack.extentreports.Report.attach(Report.java:54)
	at java.util.Spliterators$ArraySpliterator.forEachRemaining(Unknown Source)
	at java.util.stream.ReferencePipeline$Head.forEach(Unknown Source)
	at com.aventstack.extentreports.ExtentReports.attachReporter(ExtentReports.java:66)
	at base.BaseClass.setUp(BaseClass.java:67)
	at sun.reflect.NativeMethodAccessorImpl.invoke0(Native Method)
	at sun.reflect.NativeMethodAccessorImpl.invoke(Unknown Source)
	at sun.reflect.DelegatingMethodAccessorImpl.invoke(Unknown Source)
	at java.lang.reflect.Method.invoke(Unknown Source)
	at org.testng.internal.MethodInvocationHelper.invokeMethod(MethodInvocationHelper.java:86)
	at org.testng.internal.Invoker.invokeConfigurationMethod(Invoker.java:514)
	at org.testng.internal.Invoker.invokeConfigurations(Invoker.java:215)
	at org.testng.internal.Invoker.invokeConfigurations(Invoker.java:142)
	at org.testng.internal.TestMethodWorker.invokeBeforeClassMethods(TestMethodWorker.java:178)
	at org.testng.internal.TestMethodWorker.run(TestMethodWorker.java:108)
	at org.testng.TestRunner.privateRun(TestRunner.java:782)
	at org.testng.TestRunner.run(TestRunner.java:632)
	at org.testng.SuiteRunner.runTest(SuiteRunner.java:366)
	at org.testng.SuiteRunner.runSequentially(SuiteRunner.java:361)
	at org.testng.SuiteRunner.privateRun(SuiteRunner.java:319)
	at org.testng.SuiteRunner.run(SuiteRunner.java:268)
	at org.testng.SuiteRunnerWorker.runSuite(SuiteRunnerWorker.java:52)
	at org.testng.SuiteRunnerWorker.run(SuiteRunnerWorker.java:86)
	at org.testng.TestNG.runSuitesSequentially(TestNG.java:1244)
	at org.testng.TestNG.runSuitesLocally(TestNG.java:1169)
	at org.testng.TestNG.run(TestNG.java:1064)
	at org.testng.remote.RemoteTestNG.run(RemoteTestNG.java:113)
	at org.testng.remote.RemoteTestNG.initAndRun(RemoteTestNG.java:206)
	at org.testng.remote.RemoteTestNG.main(RemoteTestNG.java:177)
]]>
    </error>
  </testcase> <!-- Create_Group -->
</testsuite> <!-- com.plumb5.sms.testcases.TC_12_SMS_ManageCampaigns_CreateTemplate -->
