<?xml version="1.0" encoding="UTF-8"?>
<!-- Generated by org.testng.reporters.JUnitReportReporter -->
<testsuite hostname="DESKTOP-165ABPJ" name="com.plumb5.mail.testcases.TC_40_Create_Templates_UploadTemplate" tests="1" failures="0" timestamp="16 Oct 2020 08:18:18 GMT" time="31.113" errors="0">
  <testcase name="Create_Group" time="31.113" classname="com.plumb5.mail.testcases.TC_40_Create_Templates_UploadTemplate"/>
</testsuite> <!-- com.plumb5.mail.testcases.TC_40_Create_Templates_UploadTemplate -->
