<?xml version="1.0" encoding="UTF-8"?>
<!-- Generated by org.testng.reporters.JUnitReportReporter -->
<testsuite hostname="DESKTOP-165ABPJ" name="com.plumb5.contacts.testcases.TC_08_Download_Sample_File" tests="1" failures="0" timestamp="4 Sep 2020 11:58:37 GMT" time="34.913" errors="0">
  <testcase name="Create_Group" time="34.913" classname="com.plumb5.contacts.testcases.TC_08_Download_Sample_File"/>
</testsuite> <!-- com.plumb5.contacts.testcases.TC_08_Download_Sample_File -->
