<?xml version="1.0" encoding="UTF-8"?>
<!-- Generated by org.testng.reporters.JUnitReportReporter -->
<testsuite hostname="DESKTOP-165ABPJ" name="com.plumb5.contacts.testcases.TC_05_Contacts_ExportReport" tests="1" failures="0" timestamp="9 Sep 2020 08:25:11 GMT" time="42.825" errors="0">
  <testcase name="contacts_ExportReport" time="42.825" classname="com.plumb5.contacts.testcases.TC_05_Contacts_ExportReport"/>
</testsuite> <!-- com.plumb5.contacts.testcases.TC_05_Contacts_ExportReport -->
