<?xml version="1.0" encoding="UTF-8"?>
<!-- Generated by org.testng.reporters.JUnitReportReporter -->
<testsuite hostname="DESKTOP-165ABPJ" name="com.plumb5.mail.testcases.TC_22_Edit_Template" tests="1" failures="0" timestamp="16 Oct 2020 10:17:29 GMT" time="26.435" errors="0">
  <testcase name="Create_Group" time="26.435" classname="com.plumb5.mail.testcases.TC_22_Edit_Template"/>
</testsuite> <!-- com.plumb5.mail.testcases.TC_22_Edit_Template -->
