<?xml version="1.0" encoding="UTF-8"?>
<!-- Generated by org.testng.reporters.JUnitReportReporter -->
<testsuite hostname="DESKTOP-165ABPJ" name="com.plumb5.web.testcases.TC_20_Web_FormsBanners_SetRules" tests="1" failures="0" timestamp="13 Nov 2020 05:40:40 GMT" time="157.810" errors="0">
  <testcase name="Create_Group" time="157.810" classname="com.plumb5.web.testcases.TC_20_Web_FormsBanners_SetRules"/>
</testsuite> <!-- com.plumb5.web.testcases.TC_20_Web_FormsBanners_SetRules -->
