<?xml version="1.0" encoding="UTF-8"?>
<!-- Generated by org.testng.reporters.JUnitReportReporter -->
<testsuite hostname="DESKTOP-165ABPJ" name="com.plumb5.myprofile.testcases.TC_11_Profile_Create_SearchRoles" tests="1" failures="0" timestamp="19 Nov 2020 09:46:20 GMT" time="56.116" errors="0">
  <testcase name="Create_Group" time="56.116" classname="com.plumb5.myprofile.testcases.TC_11_Profile_Create_SearchRoles"/>
</testsuite> <!-- com.plumb5.myprofile.testcases.TC_11_Profile_Create_SearchRoles -->
