<?xml version="1.0" encoding="UTF-8"?>
<!-- Generated by org.testng.reporters.JUnitReportReporter -->
<testsuite hostname="DESKTOP-165ABPJ" name="com.plumb5.myprofile.testcases.TC_09_Profile_Edit_Delete_Groups" tests="1" failures="0" timestamp="30 Nov 2020 05:18:20 GMT" time="45.375" errors="0">
  <testcase name="Create_Group" time="45.375" classname="com.plumb5.myprofile.testcases.TC_09_Profile_Edit_Delete_Groups"/>
</testsuite> <!-- com.plumb5.myprofile.testcases.TC_09_Profile_Edit_Delete_Groups -->
