<?xml version="1.0" encoding="UTF-8"?>
<!-- Generated by org.testng.reporters.JUnitReportReporter -->
<testsuite hostname="DESKTOP-165ABPJ" name="com.plumb5.mail.testcases.TC_35_Reports_A_B_Testing_FilterByCampaigns" tests="1" failures="0" timestamp="5 Oct 2020 17:39:58 GMT" time="167.607" errors="0">
  <testcase name="Create_Group" time="167.607" classname="com.plumb5.mail.testcases.TC_35_Reports_A_B_Testing_FilterByCampaigns"/>
</testsuite> <!-- com.plumb5.mail.testcases.TC_35_Reports_A_B_Testing_FilterByCampaigns -->
