<?xml version="1.0" encoding="UTF-8"?>
<!-- Generated by org.testng.reporters.JUnitReportReporter -->
<testsuite hostname="DESKTOP-165ABPJ" name="com.plumb5.contacts.testcases.TC_19_Contact_Settings" tests="1" failures="0" timestamp="22 Sep 2020 09:52:58 GMT" time="38.447" errors="0">
  <testcase name="createContact" time="38.447" classname="com.plumb5.contacts.testcases.TC_19_Contact_Settings"/>
</testsuite> <!-- com.plumb5.contacts.testcases.TC_19_Contact_Settings -->
