<?xml version="1.0" encoding="UTF-8"?>
<!-- Generated by org.testng.reporters.JUnitReportReporter -->
<testsuite hostname="DESKTOP-165ABPJ" name="com.plumb5.web.testcases.TC_09_Web_FormsBanners_CreateForm" tests="1" failures="0" timestamp="3 Nov 2020 08:14:19 GMT" time="209.540" errors="0">
  <testcase name="Create_Group" time="209.540" classname="com.plumb5.web.testcases.TC_09_Web_FormsBanners_CreateForm"/>
</testsuite> <!-- com.plumb5.web.testcases.TC_09_Web_FormsBanners_CreateForm -->
