<?xml version="1.0" encoding="UTF-8"?>
<!-- Generated by org.testng.reporters.JUnitReportReporter -->
<testsuite hostname="DESKTOP-165ABPJ" name="com.plumb5.mail.testcases.TC_15_Change_Status_Triggers_Campaign" tests="1" failures="0" timestamp="16 Oct 2020 10:13:05 GMT" time="61.715" errors="0">
  <testcase name="Create_Group" time="61.715" classname="com.plumb5.mail.testcases.TC_15_Change_Status_Triggers_Campaign"/>
</testsuite> <!-- com.plumb5.mail.testcases.TC_15_Change_Status_Triggers_Campaign -->
