<?xml version="1.0" encoding="UTF-8"?>
<!-- Generated by org.testng.reporters.JUnitReportReporter -->
<testsuite hostname="DESKTOP-165ABPJ" name="com.plumb5.web.testcases.TC_04_Web_ManageCampaigns_DeleteDraftCampaign" tests="1" failures="0" timestamp="23 Oct 2020 06:43:43 GMT" time="21.483" errors="0">
  <testcase name="Create_Group" time="21.483" classname="com.plumb5.web.testcases.TC_04_Web_ManageCampaigns_DeleteDraftCampaign"/>
</testsuite> <!-- com.plumb5.web.testcases.TC_04_Web_ManageCampaigns_DeleteDraftCampaign -->
