<?xml version="1.0" encoding="UTF-8"?>
<!-- Generated by org.testng.reporters.JUnitReportReporter -->
<testsuite hostname="DESKTOP-165ABPJ" name="com.plumb5.mail.testcases.TC_04_Duplicate_Draft_Campaign" tests="1" failures="0" timestamp="13 Oct 2020 10:44:24 GMT" time="24.118" errors="0">
  <testcase name="Create_Group" time="24.118" classname="com.plumb5.mail.testcases.TC_04_Duplicate_Draft_Campaign"/>
</testsuite> <!-- com.plumb5.mail.testcases.TC_04_Duplicate_Draft_Campaign -->
